# JRE version: OpenJDK Runtime Environment Temurin-21.0.12.1+1 (21.0.12.1+1) (build 21.0.12.1+1-LTS)
# Java VM: OpenJDK 64-Bit Server VM Temurin-21.0.12.1+1 (21.0.12.1+1-LTS, mixed mode, sharing, tiered, compressed oops, compressed class ptrs, g1 gc, windows-amd64)
GC Precious Log:
 CardTable entry size: 512
 Card Set container configuration: InlinePtr #cards 5 size 8 Array Of Cards #cards 12 size 40 Howl #buckets 4 coarsen threshold 1843 Howl Bitmap #cards 512 size 80 coarsen threshold 460 Card regions per heap region 1 cards per card region 2048
 CPUs: 4 total, 4 available
 Memory: 18369M
 Large Page Support: Disabled
 NUMA Support: Disabled
 Compressed Oops: Enabled (32-bit)
 Heap Region Size: 1M
 Heap Min Capacity: 256M
 Heap Initial Capacity: 256M
 Heap Max Capacity: 512M
 Pre-touch: Disabled
 Parallel Workers: 4
 Concurrent Workers: 1
 Concurrent Refinement Workers: 4
 Periodic GC: Disabled
Heap:
 garbage-first heap   total 262144K, used 39537K [0x00000000e0000000, 0x0000000100000000)
  region size 1024K, 17 young (17408K), 15 survivors (15360K)
 Metaspace       used 46654K, committed 48512K, reserved 393216K
  class space    used 7015K, committed 7936K, reserved 327680K
GC Heap History (18 events):
Event: 56.056 GC heap before
{Heap before GC invocations=0 (full 0):
 garbage-first heap   total 262144K, used 13312K [0x00000000e0000000, 0x0000000100000000)
  region size 1024K, 13 young (13312K), 0 survivors (0K)
 Metaspace       used 1200K, committed 1408K, reserved 393216K
  class space    used 108K, committed 192K, reserved 327680K
}
Event: 56.809 GC heap after
{Heap after GC invocations=1 (full 0):
 garbage-first heap   total 262144K, used 2975K [0x00000000e0000000, 0x0000000100000000)
  region size 1024K, 2 young (2048K), 2 survivors (2048K)
 Metaspace       used 1200K, committed 1408K, reserved 393216K
  class space    used 108K, committed 192K, reserved 327680K
}
Event: 151.677 GC heap before
{Heap before GC invocations=1 (full 0):
 garbage-first heap   total 262144K, used 23455K [0x00000000e0000000, 0x0000000100000000)
  region size 1024K, 19 young (19456K), 2 survivors (2048K)
 Metaspace       used 4526K, committed 4736K, reserved 393216K
  class space    used 589K, committed 704K, reserved 327680K
}
Event: 151.686 GC heap after
{Heap after GC invocations=2 (full 0):
 garbage-first heap   total 262144K, used 11603K [0x00000000e0000000, 0x0000000100000000)
  region size 1024K, 3 young (3072K), 3 survivors (3072K)
 Metaspace       used 4526K, committed 4736K, reserved 393216K
  class space    used 589K, committed 704K, reserved 327680K
}
Event: 173.699 GC heap before
{Heap before GC invocations=2 (full 0):
 garbage-first heap   total 262144K, used 34131K [0x00000000e0000000, 0x0000000100000000)
  region size 1024K, 24 young (24576K), 3 survivors (3072K)
 Metaspace       used 4677K, committed 4864K, reserved 393216K
  class space    used 591K, committed 704K, reserved 327680K
}
Event: 173.707 GC heap after
{Heap after GC invocations=3 (full 0):
 garbage-first heap   total 262144K, used 15462K [0x00000000e0000000, 0x0000000100000000)
  region size 1024K, 3 young (3072K), 3 survivors (3072K)
 Metaspace       used 4677K, committed 4864K, reserved 393216K
  class space    used 591K, committed 704K, reserved 327680K
}
Event: 365.554 GC heap before
{Heap before GC invocations=3 (full 0):
 garbage-first heap   total 262144K, used 107622K [0x00000000e0000000, 0x0000000100000000)
  region size 1024K, 94 young (96256K), 3 survivors (3072K)
 Metaspace       used 18148K, committed 18688K, reserved 393216K
  class space    used 2495K, committed 2752K, reserved 327680K
}
Event: 365.568 GC heap after
{Heap after GC invocations=4 (full 0):
 garbage-first heap   total 262144K, used 23140K [0x00000000e0000000, 0x0000000100000000)
  region size 1024K, 10 young (10240K), 10 survivors (10240K)
 Metaspace       used 18148K, committed 18688K, reserved 393216K
  class space    used 2495K, committed 2752K, reserved 327680K
}
Event: 389.752 GC heap before
{Heap before GC invocations=4 (full 0):
 garbage-first heap   total 262144K, used 44644K [0x00000000e0000000, 0x0000000100000000)
  region size 1024K, 32 young (32768K), 10 survivors (10240K)
 Metaspace       used 20830K, committed 21504K, reserved 393216K
  class space    used 2947K, committed 3264K, reserved 327680K
}
Event: 389.777 GC heap after
{Heap after GC invocations=5 (full 0):
 garbage-first heap   total 262144K, used 24780K [0x00000000e0000000, 0x0000000100000000)
  region size 1024K, 2 young (2048K), 2 survivors (2048K)
 Metaspace       used 20830K, committed 21504K, reserved 393216K
  class space    used 2947K, committed 3264K, reserved 327680K
}
Event: 544.687 GC heap before
{Heap before GC invocations=6 (full 0):
 garbage-first heap   total 262144K, used 132300K [0x00000000e0000000, 0x0000000100000000)
  region size 1024K, 108 young (110592K), 2 survivors (2048K)
 Metaspace       used 34225K, committed 35648K, reserved 393216K
  class space    used 5059K, committed 5760K, reserved 327680K
}
Event: 544.711 GC heap after
{Heap after GC invocations=7 (full 0):
 garbage-first heap   total 262144K, used 30529K [0x00000000e0000000, 0x0000000100000000)
  region size 1024K, 8 young (8192K), 8 survivors (8192K)
 Metaspace       used 34225K, committed 35648K, reserved 393216K
  class space    used 5059K, committed 5760K, reserved 327680K
}
Event: 548.332 GC heap before
{Heap before GC invocations=7 (full 0):
 garbage-first heap   total 262144K, used 33601K [0x00000000e0000000, 0x0000000100000000)
  region size 1024K, 12 young (12288K), 8 survivors (8192K)
 Metaspace       used 34598K, committed 35968K, reserved 393216K
  class space    used 5104K, committed 5824K, reserved 327680K
}
Event: 548.357 GC heap after
{Heap after GC invocations=8 (full 0):
 garbage-first heap   total 262144K, used 30894K [0x00000000e0000000, 0x0000000100000000)
  region size 1024K, 8 young (8192K), 8 survivors (8192K)
 Metaspace       used 34598K, committed 35968K, reserved 393216K
  class space    used 5104K, committed 5824K, reserved 327680K
}
Event: 549.195 GC heap before
{Heap before GC invocations=8 (full 0):
 garbage-first heap   total 262144K, used 31918K [0x00000000e0000000, 0x0000000100000000)
  region size 1024K, 10 young (10240K), 8 survivors (8192K)
 Metaspace       used 34888K, committed 36288K, reserved 393216K
  class space    used 5116K, committed 5824K, reserved 327680K
}
Event: 549.208 GC heap after
{Heap after GC invocations=9 (full 0):
 garbage-first heap   total 262144K, used 31345K [0x00000000e0000000, 0x0000000100000000)
  region size 1024K, 8 young (8192K), 8 survivors (8192K)
 Metaspace       used 34888K, committed 36288K, reserved 393216K
  class space    used 5116K, committed 5824K, reserved 327680K
}
Event: 936.134 GC heap before
{Heap before GC invocations=10 (full 0):
 garbage-first heap   total 262144K, used 179825K [0x00000000e0000000, 0x0000000100000000)
  region size 1024K, 153 young (156672K), 8 survivors (8192K)
 Metaspace       used 46653K, committed 48512K, reserved 393216K
  class space    used 7015K, committed 7936K, reserved 327680K
}
Event: 936.245 GC heap after
{Heap after GC invocations=11 (full 0):
 garbage-first heap   total 262144K, used 38513K [0x00000000e0000000, 0x0000000100000000)
  region size 1024K, 15 young (15360K), 15 survivors (15360K)
 Metaspace       used 46653K, committed 48512K, reserved 393216K
  class space    used 7015K, committed 7936K, reserved 327680K
}

