# JRE version: OpenJDK Runtime Environment Temurin-21.0.12.1+1 (21.0.12.1+1) (build 21.0.12.1+1-LTS)
# Java VM: OpenJDK 64-Bit Server VM Temurin-21.0.12.1+1 (21.0.12.1+1-LTS, mixed mode, tiered, compressed oops, compressed class ptrs, g1 gc, windows-amd64)
GC Precious Log:
 CardTable entry size: 512
 Card Set container configuration: InlinePtr #cards 5 size 8 Array Of Cards #cards 12 size 40 Howl #buckets 4 coarsen threshold 1843 Howl Bitmap #cards 512 size 80 coarsen threshold 460 Card regions per heap region 1 cards per card region 2048
 CPUs: 4 total, 4 available
 Memory: 18369M
 Large Page Support: Disabled
 NUMA Support: Disabled
 Compressed Oops: Enabled (32-bit)
 Heap Region Size: 1M
 Heap Min Capacity: 256M
 Heap Initial Capacity: 256M
 Heap Max Capacity: 512M
 Pre-touch: Disabled
 Parallel Workers: 4
 Concurrent Workers: 1
 Concurrent Refinement Workers: 4
 Periodic GC: Disabled
Heap:
 garbage-first heap   total 262144K, used 26689K [0x00000000e0000000, 0x0000000100000000)
  region size 1024K, 15 young (15360K), 9 survivors (9216K)
 Metaspace       used 22037K, committed 22400K, reserved 393216K
  class space    used 2595K, committed 2752K, reserved 327680K
GC Heap History (8 events):
Event: 25.088 GC heap before
{Heap before GC invocations=0 (full 0):
 garbage-first heap   total 262144K, used 13312K [0x00000000e0000000, 0x0000000100000000)
  region size 1024K, 13 young (13312K), 0 survivors (0K)
 Metaspace       used 7769K, committed 8000K, reserved 393216K
  class space    used 725K, committed 832K, reserved 327680K
}
Event: 25.280 GC heap after
{Heap after GC invocations=1 (full 0):
 garbage-first heap   total 262144K, used 2972K [0x00000000e0000000, 0x0000000100000000)
  region size 1024K, 2 young (2048K), 2 survivors (2048K)
 Metaspace       used 7769K, committed 8000K, reserved 393216K
  class space    used 725K, committed 832K, reserved 327680K
}
Event: 49.250 GC heap before
{Heap before GC invocations=1 (full 0):
 garbage-first heap   total 262144K, used 26524K [0x00000000e0000000, 0x0000000100000000)
  region size 1024K, 22 young (22528K), 2 survivors (2048K)
 Metaspace       used 11804K, committed 12032K, reserved 393216K
  class space    used 1278K, committed 1408K, reserved 327680K
}
Event: 49.257 GC heap after
{Heap after GC invocations=2 (full 0):
 garbage-first heap   total 262144K, used 12225K [0x00000000e0000000, 0x0000000100000000)
  region size 1024K, 3 young (3072K), 3 survivors (3072K)
 Metaspace       used 11804K, committed 12032K, reserved 393216K
  class space    used 1278K, committed 1408K, reserved 327680K
}
Event: 63.593 GC heap before
{Heap before GC invocations=2 (full 0):
 garbage-first heap   total 262144K, used 37825K [0x00000000e0000000, 0x0000000100000000)
  region size 1024K, 26 young (26624K), 3 survivors (3072K)
 Metaspace       used 11974K, committed 12160K, reserved 393216K
  class space    used 1280K, committed 1408K, reserved 327680K
}
Event: 63.599 GC heap after
{Heap after GC invocations=3 (full 0):
 garbage-first heap   total 262144K, used 16780K [0x00000000e0000000, 0x0000000100000000)
  region size 1024K, 4 young (4096K), 4 survivors (4096K)
 Metaspace       used 11974K, committed 12160K, reserved 393216K
  class space    used 1280K, committed 1408K, reserved 327680K
}
Event: 144.423 GC heap before
{Heap before GC invocations=3 (full 0):
 garbage-first heap   total 262144K, used 63884K [0x00000000e0000000, 0x0000000100000000)
  region size 1024K, 51 young (52224K), 4 survivors (4096K)
 Metaspace       used 21199K, committed 21504K, reserved 393216K
  class space    used 2464K, committed 2624K, reserved 327680K
}
Event: 144.434 GC heap after
{Heap after GC invocations=4 (full 0):
 garbage-first heap   total 262144K, used 21569K [0x00000000e0000000, 0x0000000100000000)
  region size 1024K, 9 young (9216K), 9 survivors (9216K)
 Metaspace       used 21199K, committed 21504K, reserved 393216K
  class space    used 2464K, committed 2624K, reserved 327680K
}

