# JRE version: OpenJDK Runtime Environment Temurin-21.0.12.1+1 (21.0.12.1+1) (build 21.0.12.1+1-LTS)
# Java VM: OpenJDK 64-Bit Server VM Temurin-21.0.12.1+1 (21.0.12.1+1-LTS, mixed mode, sharing, tiered, compressed oops, compressed class ptrs, g1 gc, windows-amd64)
GC Precious Log:
 CardTable entry size: 512
 Card Set container configuration: InlinePtr #cards 5 size 8 Array Of Cards #cards 12 size 40 Howl #buckets 4 coarsen threshold 1843 Howl Bitmap #cards 512 size 80 coarsen threshold 460 Card regions per heap region 1 cards per card region 2048
 CPUs: 4 total, 4 available
 Memory: 18369M
 Large Page Support: Disabled
 NUMA Support: Disabled
 Compressed Oops: Enabled (32-bit)
 Heap Region Size: 1M
 Heap Min Capacity: 256M
 Heap Initial Capacity: 256M
 Heap Max Capacity: 512M
 Pre-touch: Disabled
 Parallel Workers: 4
 Concurrent Workers: 1
 Concurrent Refinement Workers: 4
 Periodic GC: Disabled
Heap:
 garbage-first heap   total 262144K, used 38912K [0x00000000e0000000, 0x0000000100000000)
  region size 1024K, 16 young (16384K), 13 survivors (13312K)
 Metaspace       used 47483K, committed 49344K, reserved 393216K
  class space    used 7004K, committed 7936K, reserved 327680K
GC Heap History (12 events):
Event: 45.509 GC heap before
{Heap before GC invocations=0 (full 0):
 garbage-first heap   total 262144K, used 12288K [0x00000000e0000000, 0x0000000100000000)
  region size 1024K, 13 young (13312K), 0 survivors (0K)
 Metaspace       used 1205K, committed 1408K, reserved 393216K
  class space    used 108K, committed 192K, reserved 327680K
}
Event: 46.066 GC heap after
{Heap after GC invocations=1 (full 0):
 garbage-first heap   total 262144K, used 3136K [0x00000000e0000000, 0x0000000100000000)
  region size 1024K, 2 young (2048K), 2 survivors (2048K)
 Metaspace       used 1205K, committed 1408K, reserved 393216K
  class space    used 108K, committed 192K, reserved 327680K
}
Event: 111.544 GC heap before
{Heap before GC invocations=1 (full 0):
 garbage-first heap   total 262144K, used 26688K [0x00000000e0000000, 0x0000000100000000)
  region size 1024K, 22 young (22528K), 2 survivors (2048K)
 Metaspace       used 4574K, committed 4800K, reserved 393216K
  class space    used 589K, committed 704K, reserved 327680K
}
Event: 111.551 GC heap after
{Heap after GC invocations=2 (full 0):
 garbage-first heap   total 262144K, used 12024K [0x00000000e0000000, 0x0000000100000000)
  region size 1024K, 3 young (3072K), 3 survivors (3072K)
 Metaspace       used 4574K, committed 4800K, reserved 393216K
  class space    used 589K, committed 704K, reserved 327680K
}
Event: 144.881 GC heap before
{Heap before GC invocations=2 (full 0):
 garbage-first heap   total 262144K, used 37624K [0x00000000e0000000, 0x0000000100000000)
  region size 1024K, 26 young (26624K), 3 survivors (3072K)
 Metaspace       used 4739K, committed 4928K, reserved 393216K
  class space    used 591K, committed 704K, reserved 327680K
}
Event: 144.887 GC heap after
{Heap after GC invocations=3 (full 0):
 garbage-first heap   total 262144K, used 16637K [0x00000000e0000000, 0x0000000100000000)
  region size 1024K, 4 young (4096K), 4 survivors (4096K)
 Metaspace       used 4739K, committed 4928K, reserved 393216K
  class space    used 591K, committed 704K, reserved 327680K
}
Event: 381.123 GC heap before
{Heap before GC invocations=3 (full 0):
 garbage-first heap   total 262144K, used 126205K [0x00000000e0000000, 0x0000000100000000)
  region size 1024K, 112 young (114688K), 4 survivors (4096K)
 Metaspace       used 20911K, committed 21504K, reserved 393216K
  class space    used 2930K, committed 3200K, reserved 327680K
}
Event: 381.151 GC heap after
{Heap after GC invocations=4 (full 0):
 garbage-first heap   total 262144K, used 24125K [0x00000000e0000000, 0x0000000100000000)
  region size 1024K, 11 young (11264K), 11 survivors (11264K)
 Metaspace       used 20911K, committed 21504K, reserved 393216K
  class space    used 2930K, committed 3200K, reserved 327680K
}
Event: 508.682 GC heap before
{Heap before GC invocations=5 (full 0):
 garbage-first heap   total 262144K, used 133693K [0x00000000e0000000, 0x0000000100000000)
  region size 1024K, 118 young (120832K), 11 survivors (11264K)
 Metaspace       used 34805K, committed 36096K, reserved 393216K
  class space    used 4972K, committed 5632K, reserved 327680K
}
Event: 508.709 GC heap after
{Heap after GC invocations=6 (full 0):
 garbage-first heap   total 262144K, used 29830K [0x00000000e0000000, 0x0000000100000000)
  region size 1024K, 13 young (13312K), 13 survivors (13312K)
 Metaspace       used 34805K, committed 36096K, reserved 393216K
  class space    used 4972K, committed 5632K, reserved 327680K
}
Event: 896.334 GC heap before
{Heap before GC invocations=7 (full 0):
 garbage-first heap   total 262144K, used 172166K [0x00000000e0000000, 0x0000000100000000)
  region size 1024K, 153 young (156672K), 13 survivors (13312K)
 Metaspace       used 47466K, committed 49344K, reserved 393216K
  class space    used 7004K, committed 7936K, reserved 327680K
}
Event: 896.495 GC heap after
{Heap after GC invocations=8 (full 0):
 garbage-first heap   total 262144K, used 36864K [0x00000000e0000000, 0x0000000100000000)
  region size 1024K, 13 young (13312K), 13 survivors (13312K)
 Metaspace       used 47466K, committed 49344K, reserved 393216K
  class space    used 7004K, committed 7936K, reserved 327680K
}

