# JRE version: OpenJDK Runtime Environment Temurin-21.0.12.1+1 (21.0.12.1+1) (build 21.0.12.1+1-LTS)
# Java VM: OpenJDK 64-Bit Server VM Temurin-21.0.12.1+1 (21.0.12.1+1-LTS, mixed mode, sharing, tiered, compressed oops, compressed class ptrs, g1 gc, windows-amd64)
GC Precious Log:
 CardTable entry size: 512
 Card Set container configuration: InlinePtr #cards 5 size 8 Array Of Cards #cards 12 size 40 Howl #buckets 4 coarsen threshold 1843 Howl Bitmap #cards 512 size 80 coarsen threshold 460 Card regions per heap region 1 cards per card region 2048
 CPUs: 4 total, 4 available
 Memory: 18369M
 Large Page Support: Disabled
 NUMA Support: Disabled
 Compressed Oops: Enabled (32-bit)
 Heap Region Size: 1M
 Heap Min Capacity: 256M
 Heap Initial Capacity: 256M
 Heap Max Capacity: 512M
 Pre-touch: Disabled
 Parallel Workers: 4
 Concurrent Workers: 1
 Concurrent Refinement Workers: 4
 Periodic GC: Disabled
Heap:
 garbage-first heap   total 262144K, used 84140K [0x00000000e0000000, 0x0000000100000000)
  region size 1024K, 62 young (63488K), 10 survivors (10240K)
 Metaspace       used 38442K, committed 39936K, reserved 393216K
  class space    used 5638K, committed 6336K, reserved 327680K
GC Heap History (16 events):
Event: 8.039 GC heap before
{Heap before GC invocations=0 (full 0):
 garbage-first heap   total 262144K, used 13312K [0x00000000e0000000, 0x0000000100000000)
  region size 1024K, 13 young (13312K), 0 survivors (0K)
 Metaspace       used 1182K, committed 1344K, reserved 393216K
  class space    used 105K, committed 192K, reserved 327680K
}
Event: 8.188 GC heap after
{Heap after GC invocations=1 (full 0):
 garbage-first heap   total 262144K, used 2953K [0x00000000e0000000, 0x0000000100000000)
  region size 1024K, 2 young (2048K), 2 survivors (2048K)
 Metaspace       used 1182K, committed 1344K, reserved 393216K
  class space    used 105K, committed 192K, reserved 327680K
}
Event: 22.647 GC heap before
{Heap before GC invocations=1 (full 0):
 garbage-first heap   total 262144K, used 23433K [0x00000000e0000000, 0x0000000100000000)
  region size 1024K, 19 young (19456K), 2 survivors (2048K)
 Metaspace       used 4509K, committed 4736K, reserved 393216K
  class space    used 587K, committed 704K, reserved 327680K
}
Event: 22.659 GC heap after
{Heap after GC invocations=2 (full 0):
 garbage-first heap   total 262144K, used 12496K [0x00000000e0000000, 0x0000000100000000)
  region size 1024K, 3 young (3072K), 3 survivors (3072K)
 Metaspace       used 4509K, committed 4736K, reserved 393216K
  class space    used 587K, committed 704K, reserved 327680K
}
Event: 28.693 GC heap before
{Heap before GC invocations=2 (full 0):
 garbage-first heap   total 262144K, used 35024K [0x00000000e0000000, 0x0000000100000000)
  region size 1024K, 24 young (24576K), 3 survivors (3072K)
 Metaspace       used 4665K, committed 4864K, reserved 393216K
  class space    used 589K, committed 704K, reserved 327680K
}
Event: 28.699 GC heap after
{Heap after GC invocations=3 (full 0):
 garbage-first heap   total 262144K, used 15936K [0x00000000e0000000, 0x0000000100000000)
  region size 1024K, 3 young (3072K), 3 survivors (3072K)
 Metaspace       used 4665K, committed 4864K, reserved 393216K
  class space    used 589K, committed 704K, reserved 327680K
}
Event: 344.384 GC heap before
{Heap before GC invocations=3 (full 0):
 garbage-first heap   total 262144K, used 104000K [0x00000000e0000000, 0x0000000100000000)
  region size 1024K, 89 young (91136K), 3 survivors (3072K)
 Metaspace       used 15146K, committed 15552K, reserved 393216K
  class space    used 2045K, committed 2240K, reserved 327680K
}
Event: 344.399 GC heap after
{Heap after GC invocations=4 (full 0):
 garbage-first heap   total 262144K, used 22762K [0x00000000e0000000, 0x0000000100000000)
  region size 1024K, 10 young (10240K), 10 survivors (10240K)
 Metaspace       used 15146K, committed 15552K, reserved 393216K
  class space    used 2045K, committed 2240K, reserved 327680K
}
Event: 386.073 GC heap before
{Heap before GC invocations=4 (full 0):
 garbage-first heap   total 262144K, used 64746K [0x00000000e0000000, 0x0000000100000000)
  region size 1024K, 52 young (53248K), 10 survivors (10240K)
 Metaspace       used 20843K, committed 21504K, reserved 393216K
  class space    used 2930K, committed 3264K, reserved 327680K
}
Event: 386.088 GC heap after
{Heap after GC invocations=5 (full 0):
 garbage-first heap   total 262144K, used 25238K [0x00000000e0000000, 0x0000000100000000)
  region size 1024K, 10 young (10240K), 10 survivors (10240K)
 Metaspace       used 20843K, committed 21504K, reserved 393216K
  class space    used 2930K, committed 3264K, reserved 327680K
}
Event: 485.307 GC heap before
{Heap before GC invocations=6 (full 0):
 garbage-first heap   total 262144K, used 120470K [0x00000000e0000000, 0x0000000100000000)
  region size 1024K, 104 young (106496K), 10 survivors (10240K)
 Metaspace       used 32442K, committed 33856K, reserved 393216K
  class space    used 4884K, committed 5568K, reserved 327680K
}
Event: 485.332 GC heap after
{Heap after GC invocations=7 (full 0):
 garbage-first heap   total 262144K, used 30010K [0x00000000e0000000, 0x0000000100000000)
  region size 1024K, 8 young (8192K), 8 survivors (8192K)
 Metaspace       used 32442K, committed 33856K, reserved 393216K
  class space    used 4884K, committed 5568K, reserved 327680K
}
Event: 552.852 GC heap before
{Heap before GC invocations=7 (full 0):
 garbage-first heap   total 262144K, used 48442K [0x00000000e0000000, 0x0000000100000000)
  region size 1024K, 28 young (28672K), 8 survivors (8192K)
 Metaspace       used 34553K, committed 35968K, reserved 393216K
  class space    used 5095K, committed 5824K, reserved 327680K
}
Event: 552.866 GC heap after
{Heap after GC invocations=8 (full 0):
 garbage-first heap   total 262144K, used 31080K [0x00000000e0000000, 0x0000000100000000)
  region size 1024K, 9 young (9216K), 9 survivors (9216K)
 Metaspace       used 34553K, committed 35968K, reserved 393216K
  class space    used 5095K, committed 5824K, reserved 327680K
}
Event: 554.131 GC heap before
{Heap before GC invocations=8 (full 0):
 garbage-first heap   total 262144K, used 33128K [0x00000000e0000000, 0x0000000100000000)
  region size 1024K, 12 young (12288K), 9 survivors (9216K)
 Metaspace       used 34938K, committed 36288K, reserved 393216K
  class space    used 5122K, committed 5824K, reserved 327680K
}
Event: 554.149 GC heap after
{Heap after GC invocations=9 (full 0):
 garbage-first heap   total 262144K, used 31916K [0x00000000e0000000, 0x0000000100000000)
  region size 1024K, 10 young (10240K), 10 survivors (10240K)
 Metaspace       used 34938K, committed 36288K, reserved 393216K
  class space    used 5122K, committed 5824K, reserved 327680K
}

