# JRE version: OpenJDK Runtime Environment Temurin-21.0.12.1+1 (21.0.12.1+1) (build 21.0.12.1+1-LTS)
# Java VM: OpenJDK 64-Bit Server VM Temurin-21.0.12.1+1 (21.0.12.1+1-LTS, mixed mode, sharing, tiered, compressed oops, compressed class ptrs, g1 gc, windows-amd64)
GC Precious Log:
 CardTable entry size: 512
 Card Set container configuration: InlinePtr #cards 5 size 8 Array Of Cards #cards 12 size 40 Howl #buckets 4 coarsen threshold 1843 Howl Bitmap #cards 512 size 80 coarsen threshold 460 Card regions per heap region 1 cards per card region 2048
 CPUs: 4 total, 4 available
 Memory: 18369M
 Large Page Support: Disabled
 NUMA Support: Disabled
 Compressed Oops: Enabled (32-bit)
 Heap Region Size: 1M
 Heap Min Capacity: 256M
 Heap Initial Capacity: 256M
 Heap Max Capacity: 512M
 Pre-touch: Disabled
 Parallel Workers: 4
 Concurrent Workers: 1
 Concurrent Refinement Workers: 4
 Periodic GC: Disabled
Heap:
 garbage-first heap   total 262144K, used 122624K [0x00000000e0000000, 0x0000000100000000)
  region size 1024K, 99 young (101376K), 14 survivors (14336K)
 Metaspace       used 50892K, committed 52928K, reserved 393216K
  class space    used 7568K, committed 8576K, reserved 327680K
GC Heap History (18 events):
Event: 18.895 GC heap before
{Heap before GC invocations=0 (full 0):
 garbage-first heap   total 262144K, used 13312K [0x00000000e0000000, 0x0000000100000000)
  region size 1024K, 13 young (13312K), 0 survivors (0K)
 Metaspace       used 1203K, committed 1408K, reserved 393216K
  class space    used 108K, committed 192K, reserved 327680K
}
Event: 19.315 GC heap after
{Heap after GC invocations=1 (full 0):
 garbage-first heap   total 262144K, used 2917K [0x00000000e0000000, 0x0000000100000000)
  region size 1024K, 2 young (2048K), 2 survivors (2048K)
 Metaspace       used 1203K, committed 1408K, reserved 393216K
  class space    used 108K, committed 192K, reserved 327680K
}
Event: 44.823 GC heap before
{Heap before GC invocations=1 (full 0):
 garbage-first heap   total 262144K, used 23397K [0x00000000e0000000, 0x0000000100000000)
  region size 1024K, 19 young (19456K), 2 survivors (2048K)
 Metaspace       used 4537K, committed 4736K, reserved 393216K
  class space    used 591K, committed 704K, reserved 327680K
}
Event: 44.829 GC heap after
{Heap after GC invocations=2 (full 0):
 garbage-first heap   total 262144K, used 11544K [0x00000000e0000000, 0x0000000100000000)
  region size 1024K, 3 young (3072K), 3 survivors (3072K)
 Metaspace       used 4537K, committed 4736K, reserved 393216K
  class space    used 591K, committed 704K, reserved 327680K
}
Event: 58.127 GC heap before
{Heap before GC invocations=2 (full 0):
 garbage-first heap   total 262144K, used 34072K [0x00000000e0000000, 0x0000000100000000)
  region size 1024K, 24 young (24576K), 3 survivors (3072K)
 Metaspace       used 4683K, committed 4864K, reserved 393216K
  class space    used 592K, committed 704K, reserved 327680K
}
Event: 58.131 GC heap after
{Heap after GC invocations=3 (full 0):
 garbage-first heap   total 262144K, used 15503K [0x00000000e0000000, 0x0000000100000000)
  region size 1024K, 3 young (3072K), 3 survivors (3072K)
 Metaspace       used 4683K, committed 4864K, reserved 393216K
  class space    used 592K, committed 704K, reserved 327680K
}
Event: 135.289 GC heap before
{Heap before GC invocations=3 (full 0):
 garbage-first heap   total 262144K, used 108687K [0x00000000e0000000, 0x0000000100000000)
  region size 1024K, 94 young (96256K), 3 survivors (3072K)
 Metaspace       used 18561K, committed 19136K, reserved 393216K
  class space    used 2593K, committed 2880K, reserved 327680K
}
Event: 135.307 GC heap after
{Heap after GC invocations=4 (full 0):
 garbage-first heap   total 262144K, used 23755K [0x00000000e0000000, 0x0000000100000000)
  region size 1024K, 11 young (11264K), 11 survivors (11264K)
 Metaspace       used 18561K, committed 19136K, reserved 393216K
  class space    used 2593K, committed 2880K, reserved 327680K
}
Event: 153.624 GC heap before
{Heap before GC invocations=4 (full 0):
 garbage-first heap   total 262144K, used 41163K [0x00000000e0000000, 0x0000000100000000)
  region size 1024K, 29 young (29696K), 11 survivors (11264K)
 Metaspace       used 20847K, committed 21504K, reserved 393216K
  class space    used 2979K, committed 3328K, reserved 327680K
}
Event: 153.636 GC heap after
{Heap after GC invocations=5 (full 0):
 garbage-first heap   total 262144K, used 25501K [0x00000000e0000000, 0x0000000100000000)
  region size 1024K, 2 young (2048K), 2 survivors (2048K)
 Metaspace       used 20847K, committed 21504K, reserved 393216K
  class space    used 2979K, committed 3328K, reserved 327680K
}
Event: 333.996 GC heap before
{Heap before GC invocations=6 (full 0):
 garbage-first heap   total 262144K, used 133021K [0x00000000e0000000, 0x0000000100000000)
  region size 1024K, 107 young (109568K), 2 survivors (2048K)
 Metaspace       used 34625K, committed 35968K, reserved 393216K
  class space    used 4948K, committed 5632K, reserved 327680K
}
Event: 334.030 GC heap after
{Heap after GC invocations=7 (full 0):
 garbage-first heap   total 262144K, used 30373K [0x00000000e0000000, 0x0000000100000000)
  region size 1024K, 7 young (7168K), 7 survivors (7168K)
 Metaspace       used 34625K, committed 35968K, reserved 393216K
  class space    used 4948K, committed 5632K, reserved 327680K
}
Event: 344.646 GC heap before
{Heap before GC invocations=7 (full 0):
 garbage-first heap   total 262144K, used 32421K [0x00000000e0000000, 0x0000000100000000)
  region size 1024K, 10 young (10240K), 7 survivors (7168K)
 Metaspace       used 34925K, committed 36288K, reserved 393216K
  class space    used 4984K, committed 5696K, reserved 327680K
}
Event: 344.671 GC heap after
{Heap after GC invocations=8 (full 0):
 garbage-first heap   total 262144K, used 30996K [0x00000000e0000000, 0x0000000100000000)
  region size 1024K, 8 young (8192K), 8 survivors (8192K)
 Metaspace       used 34925K, committed 36288K, reserved 393216K
  class space    used 4984K, committed 5696K, reserved 327680K
}
Event: 352.439 GC heap before
{Heap before GC invocations=8 (full 0):
 garbage-first heap   total 262144K, used 32020K [0x00000000e0000000, 0x0000000100000000)
  region size 1024K, 10 young (10240K), 8 survivors (8192K)
 Metaspace       used 35297K, committed 36608K, reserved 393216K
  class space    used 5009K, committed 5696K, reserved 327680K
}
Event: 352.461 GC heap after
{Heap after GC invocations=9 (full 0):
 garbage-first heap   total 262144K, used 31299K [0x00000000e0000000, 0x0000000100000000)
  region size 1024K, 8 young (8192K), 8 survivors (8192K)
 Metaspace       used 35297K, committed 36608K, reserved 393216K
  class space    used 5009K, committed 5696K, reserved 327680K
}
Event: 856.953 GC heap before
{Heap before GC invocations=10 (full 0):
 garbage-first heap   total 262144K, used 179779K [0x00000000e0000000, 0x0000000100000000)
  region size 1024K, 153 young (156672K), 8 survivors (8192K)
 Metaspace       used 47113K, committed 48960K, reserved 393216K
  class space    used 6975K, committed 7872K, reserved 327680K
}
Event: 857.084 GC heap after
{Heap after GC invocations=11 (full 0):
 garbage-first heap   total 262144K, used 37632K [0x00000000e0000000, 0x0000000100000000)
  region size 1024K, 14 young (14336K), 14 survivors (14336K)
 Metaspace       used 47113K, committed 48960K, reserved 393216K
  class space    used 6975K, committed 7872K, reserved 327680K
}

