# JRE version: OpenJDK Runtime Environment Temurin-21.0.12.1+1 (21.0.12.1+1) (build 21.0.12.1+1-LTS)
# Java VM: OpenJDK 64-Bit Server VM Temurin-21.0.12.1+1 (21.0.12.1+1-LTS, mixed mode, sharing, tiered, compressed oops, compressed class ptrs, g1 gc, windows-amd64)
GC Precious Log:
 CardTable entry size: 512
 Card Set container configuration: InlinePtr #cards 5 size 8 Array Of Cards #cards 12 size 40 Howl #buckets 4 coarsen threshold 1843 Howl Bitmap #cards 512 size 80 coarsen threshold 460 Card regions per heap region 1 cards per card region 2048
 CPUs: 4 total, 4 available
 Memory: 18369M
 Large Page Support: Disabled
 NUMA Support: Disabled
 Compressed Oops: Enabled (32-bit)
 Heap Region Size: 1M
 Heap Min Capacity: 256M
 Heap Initial Capacity: 256M
 Heap Max Capacity: 512M
 Pre-touch: Disabled
 Parallel Workers: 4
 Concurrent Workers: 1
 Concurrent Refinement Workers: 4
 Periodic GC: Disabled
Heap:
 garbage-first heap   total 262144K, used 110572K [0x00000000e0000000, 0x0000000100000000)
  region size 1024K, 87 young (89088K), 7 survivors (7168K)
 Metaspace       used 43845K, committed 45632K, reserved 393216K
  class space    used 6417K, committed 7296K, reserved 327680K
GC Heap History (14 events):
Event: 32.439 GC heap before
{Heap before GC invocations=0 (full 0):
 garbage-first heap   total 262144K, used 12288K [0x00000000e0000000, 0x0000000100000000)
  region size 1024K, 13 young (13312K), 0 survivors (0K)
 Metaspace       used 1207K, committed 1408K, reserved 393216K
  class space    used 108K, committed 192K, reserved 327680K
}
Event: 32.727 GC heap after
{Heap after GC invocations=1 (full 0):
 garbage-first heap   total 262144K, used 3136K [0x00000000e0000000, 0x0000000100000000)
  region size 1024K, 2 young (2048K), 2 survivors (2048K)
 Metaspace       used 1207K, committed 1408K, reserved 393216K
  class space    used 108K, committed 192K, reserved 327680K
}
Event: 74.903 GC heap before
{Heap before GC invocations=1 (full 0):
 garbage-first heap   total 262144K, used 26688K [0x00000000e0000000, 0x0000000100000000)
  region size 1024K, 22 young (22528K), 2 survivors (2048K)
 Metaspace       used 4564K, committed 4800K, reserved 393216K
  class space    used 589K, committed 704K, reserved 327680K
}
Event: 74.909 GC heap after
{Heap after GC invocations=2 (full 0):
 garbage-first heap   total 262144K, used 12116K [0x00000000e0000000, 0x0000000100000000)
  region size 1024K, 3 young (3072K), 3 survivors (3072K)
 Metaspace       used 4564K, committed 4800K, reserved 393216K
  class space    used 589K, committed 704K, reserved 327680K
}
Event: 94.992 GC heap before
{Heap before GC invocations=2 (full 0):
 garbage-first heap   total 262144K, used 36692K [0x00000000e0000000, 0x0000000100000000)
  region size 1024K, 26 young (26624K), 3 survivors (3072K)
 Metaspace       used 4733K, committed 4928K, reserved 393216K
  class space    used 591K, committed 704K, reserved 327680K
}
Event: 94.999 GC heap after
{Heap after GC invocations=3 (full 0):
 garbage-first heap   total 262144K, used 16947K [0x00000000e0000000, 0x0000000100000000)
  region size 1024K, 4 young (4096K), 4 survivors (4096K)
 Metaspace       used 4733K, committed 4928K, reserved 393216K
  class space    used 591K, committed 704K, reserved 327680K
}
Event: 205.068 GC heap before
{Heap before GC invocations=3 (full 0):
 garbage-first heap   total 262144K, used 122419K [0x00000000e0000000, 0x0000000100000000)
  region size 1024K, 108 young (110592K), 4 survivors (4096K)
 Metaspace       used 20847K, committed 21504K, reserved 393216K
  class space    used 2976K, committed 3328K, reserved 327680K
}
Event: 205.091 GC heap after
{Heap after GC invocations=4 (full 0):
 garbage-first heap   total 262144K, used 24684K [0x00000000e0000000, 0x0000000100000000)
  region size 1024K, 12 young (12288K), 12 survivors (12288K)
 Metaspace       used 20847K, committed 21504K, reserved 393216K
  class space    used 2976K, committed 3328K, reserved 327680K
}
Event: 324.654 GC heap before
{Heap before GC invocations=5 (full 0):
 garbage-first heap   total 262144K, used 135276K [0x00000000e0000000, 0x0000000100000000)
  region size 1024K, 120 young (122880K), 12 survivors (12288K)
 Metaspace       used 34665K, committed 35968K, reserved 393216K
  class space    used 5029K, committed 5696K, reserved 327680K
}
Event: 324.698 GC heap after
{Heap after GC invocations=6 (full 0):
 garbage-first heap   total 262144K, used 30367K [0x00000000e0000000, 0x0000000100000000)
  region size 1024K, 13 young (13312K), 13 survivors (13312K)
 Metaspace       used 34665K, committed 35968K, reserved 393216K
  class space    used 5029K, committed 5696K, reserved 327680K
}
Event: 325.532 GC heap before
{Heap before GC invocations=6 (full 0):
 garbage-first heap   total 262144K, used 31391K [0x00000000e0000000, 0x0000000100000000)
  region size 1024K, 15 young (15360K), 13 survivors (13312K)
 Metaspace       used 34904K, committed 36288K, reserved 393216K
  class space    used 5062K, committed 5760K, reserved 327680K
}
Event: 325.559 GC heap after
{Heap after GC invocations=7 (full 0):
 garbage-first heap   total 262144K, used 30366K [0x00000000e0000000, 0x0000000100000000)
  region size 1024K, 6 young (6144K), 6 survivors (6144K)
 Metaspace       used 34904K, committed 36288K, reserved 393216K
  class space    used 5062K, committed 5760K, reserved 327680K
}
Event: 327.023 GC heap before
{Heap before GC invocations=7 (full 0):
 garbage-first heap   total 262144K, used 32414K [0x00000000e0000000, 0x0000000100000000)
  region size 1024K, 9 young (9216K), 6 survivors (6144K)
 Metaspace       used 35237K, committed 36608K, reserved 393216K
  class space    used 5116K, committed 5760K, reserved 327680K
}
Event: 327.033 GC heap after
{Heap after GC invocations=8 (full 0):
 garbage-first heap   total 262144K, used 30700K [0x00000000e0000000, 0x0000000100000000)
  region size 1024K, 7 young (7168K), 7 survivors (7168K)
 Metaspace       used 35237K, committed 36608K, reserved 393216K
  class space    used 5116K, committed 5760K, reserved 327680K
}

