# JRE version: OpenJDK Runtime Environment Temurin-21.0.12.1+1 (21.0.12.1+1) (build 21.0.12.1+1-LTS)
# Java VM: OpenJDK 64-Bit Server VM Temurin-21.0.12.1+1 (21.0.12.1+1-LTS, mixed mode, sharing, tiered, compressed oops, compressed class ptrs, g1 gc, windows-amd64)
GC Precious Log:
 CardTable entry size: 512
 Card Set container configuration: InlinePtr #cards 5 size 8 Array Of Cards #cards 12 size 40 Howl #buckets 4 coarsen threshold 1843 Howl Bitmap #cards 512 size 80 coarsen threshold 460 Card regions per heap region 1 cards per card region 2048
 CPUs: 4 total, 4 available
 Memory: 18369M
 Large Page Support: Disabled
 NUMA Support: Disabled
 Compressed Oops: Enabled (32-bit)
 Heap Region Size: 1M
 Heap Min Capacity: 256M
 Heap Initial Capacity: 256M
 Heap Max Capacity: 512M
 Pre-touch: Disabled
 Parallel Workers: 4
 Concurrent Workers: 1
 Concurrent Refinement Workers: 4
 Periodic GC: Disabled
Heap:
 garbage-first heap   total 262144K, used 72326K [0x00000000e0000000, 0x0000000100000000)
  region size 1024K, 51 young (52224K), 14 survivors (14336K)
 Metaspace       used 47328K, committed 49216K, reserved 393216K
  class space    used 6987K, committed 7872K, reserved 327680K
GC Heap History (14 events):
Event: 18.018 GC heap before
{Heap before GC invocations=0 (full 0):
 garbage-first heap   total 262144K, used 12288K [0x00000000e0000000, 0x0000000100000000)
  region size 1024K, 13 young (13312K), 0 survivors (0K)
 Metaspace       used 1200K, committed 1408K, reserved 393216K
  class space    used 108K, committed 192K, reserved 327680K
}
Event: 18.414 GC heap after
{Heap after GC invocations=1 (full 0):
 garbage-first heap   total 262144K, used 2972K [0x00000000e0000000, 0x0000000100000000)
  region size 1024K, 2 young (2048K), 2 survivors (2048K)
 Metaspace       used 1200K, committed 1408K, reserved 393216K
  class space    used 108K, committed 192K, reserved 327680K
}
Event: 46.833 GC heap before
{Heap before GC invocations=1 (full 0):
 garbage-first heap   total 262144K, used 23452K [0x00000000e0000000, 0x0000000100000000)
  region size 1024K, 19 young (19456K), 2 survivors (2048K)
 Metaspace       used 4534K, committed 4736K, reserved 393216K
  class space    used 589K, committed 704K, reserved 327680K
}
Event: 46.839 GC heap after
{Heap after GC invocations=2 (full 0):
 garbage-first heap   total 262144K, used 11468K [0x00000000e0000000, 0x0000000100000000)
  region size 1024K, 3 young (3072K), 3 survivors (3072K)
 Metaspace       used 4534K, committed 4736K, reserved 393216K
  class space    used 589K, committed 704K, reserved 327680K
}
Event: 57.540 GC heap before
{Heap before GC invocations=2 (full 0):
 garbage-first heap   total 262144K, used 33996K [0x00000000e0000000, 0x0000000100000000)
  region size 1024K, 24 young (24576K), 3 survivors (3072K)
 Metaspace       used 4678K, committed 4864K, reserved 393216K
  class space    used 591K, committed 704K, reserved 327680K
}
Event: 57.545 GC heap after
{Heap after GC invocations=3 (full 0):
 garbage-first heap   total 262144K, used 15089K [0x00000000e0000000, 0x0000000100000000)
  region size 1024K, 3 young (3072K), 3 survivors (3072K)
 Metaspace       used 4678K, committed 4864K, reserved 393216K
  class space    used 591K, committed 704K, reserved 327680K
}
Event: 263.889 GC heap before
{Heap before GC invocations=3 (full 0):
 garbage-first heap   total 262144K, used 110321K [0x00000000e0000000, 0x0000000100000000)
  region size 1024K, 96 young (98304K), 3 survivors (3072K)
 Metaspace       used 18406K, committed 18944K, reserved 393216K
  class space    used 2531K, committed 2816K, reserved 327680K
}
Event: 263.921 GC heap after
{Heap after GC invocations=4 (full 0):
 garbage-first heap   total 262144K, used 22738K [0x00000000e0000000, 0x0000000100000000)
  region size 1024K, 10 young (10240K), 10 survivors (10240K)
 Metaspace       used 18406K, committed 18944K, reserved 393216K
  class space    used 2531K, committed 2816K, reserved 327680K
}
Event: 302.617 GC heap before
{Heap before GC invocations=4 (full 0):
 garbage-first heap   total 262144K, used 42194K [0x00000000e0000000, 0x0000000100000000)
  region size 1024K, 30 young (30720K), 10 survivors (10240K)
 Metaspace       used 20867K, committed 21504K, reserved 393216K
  class space    used 2940K, committed 3264K, reserved 327680K
}
Event: 302.645 GC heap after
{Heap after GC invocations=5 (full 0):
 garbage-first heap   total 262144K, used 24694K [0x00000000e0000000, 0x0000000100000000)
  region size 1024K, 2 young (2048K), 2 survivors (2048K)
 Metaspace       used 20867K, committed 21504K, reserved 393216K
  class space    used 2940K, committed 3264K, reserved 327680K
}
Event: 454.131 GC heap before
{Heap before GC invocations=6 (full 0):
 garbage-first heap   total 262144K, used 131190K [0x00000000e0000000, 0x0000000100000000)
  region size 1024K, 106 young (108544K), 2 survivors (2048K)
 Metaspace       used 34710K, committed 35968K, reserved 393216K
  class space    used 4941K, committed 5568K, reserved 327680K
}
Event: 454.148 GC heap after
{Heap after GC invocations=7 (full 0):
 garbage-first heap   total 262144K, used 29584K [0x00000000e0000000, 0x0000000100000000)
  region size 1024K, 7 young (7168K), 7 survivors (7168K)
 Metaspace       used 34710K, committed 35968K, reserved 393216K
  class space    used 4941K, committed 5568K, reserved 327680K
}
Event: 928.700 GC heap before
{Heap before GC invocations=8 (full 0):
 garbage-first heap   total 262144K, used 178064K [0x00000000e0000000, 0x0000000100000000)
  region size 1024K, 153 young (156672K), 7 survivors (7168K)
 Metaspace       used 47088K, committed 48960K, reserved 393216K
  class space    used 6960K, committed 7872K, reserved 327680K
}
Event: 928.892 GC heap after
{Heap after GC invocations=9 (full 0):
 garbage-first heap   total 262144K, used 36486K [0x00000000e0000000, 0x0000000100000000)
  region size 1024K, 14 young (14336K), 14 survivors (14336K)
 Metaspace       used 47088K, committed 48960K, reserved 393216K
  class space    used 6960K, committed 7872K, reserved 327680K
}

