# JRE version: OpenJDK Runtime Environment Temurin-21.0.12.1+1 (21.0.12.1+1) (build 21.0.12.1+1-LTS)
# Java VM: OpenJDK 64-Bit Server VM Temurin-21.0.12.1+1 (21.0.12.1+1-LTS, mixed mode, sharing, tiered, compressed oops, compressed class ptrs, g1 gc, windows-amd64)
GC Precious Log:
 CardTable entry size: 512
 Card Set container configuration: InlinePtr #cards 5 size 8 Array Of Cards #cards 12 size 40 Howl #buckets 4 coarsen threshold 1843 Howl Bitmap #cards 512 size 80 coarsen threshold 460 Card regions per heap region 1 cards per card region 2048
 CPUs: 4 total, 4 available
 Memory: 18369M
 Large Page Support: Disabled
 NUMA Support: Disabled
 Compressed Oops: Enabled (32-bit)
 Heap Region Size: 1M
 Heap Min Capacity: 256M
 Heap Initial Capacity: 256M
 Heap Max Capacity: 512M
 Pre-touch: Disabled
 Parallel Workers: 4
 Concurrent Workers: 1
 Concurrent Refinement Workers: 4
 Periodic GC: Disabled
Heap:
 garbage-first heap   total 262144K, used 100717K [0x00000000e0000000, 0x0000000100000000)
  region size 1024K, 77 young (78848K), 8 survivors (8192K)
 Metaspace       used 41973K, committed 43712K, reserved 393216K
  class space    used 6283K, committed 7104K, reserved 327680K
GC Heap History (16 events):
Event: 49.446 GC heap before
{Heap before GC invocations=0 (full 0):
 garbage-first heap   total 262144K, used 12288K [0x00000000e0000000, 0x0000000100000000)
  region size 1024K, 13 young (13312K), 0 survivors (0K)
 Metaspace       used 1207K, committed 1408K, reserved 393216K
  class space    used 108K, committed 192K, reserved 327680K
}
Event: 50.105 GC heap after
{Heap after GC invocations=1 (full 0):
 garbage-first heap   total 262144K, used 2917K [0x00000000e0000000, 0x0000000100000000)
  region size 1024K, 2 young (2048K), 2 survivors (2048K)
 Metaspace       used 1207K, committed 1408K, reserved 393216K
  class space    used 108K, committed 192K, reserved 327680K
}
Event: 102.725 GC heap before
{Heap before GC invocations=1 (full 0):
 garbage-first heap   total 262144K, used 23397K [0x00000000e0000000, 0x0000000100000000)
  region size 1024K, 19 young (19456K), 2 survivors (2048K)
 Metaspace       used 4520K, committed 4736K, reserved 393216K
  class space    used 588K, committed 704K, reserved 327680K
}
Event: 102.731 GC heap after
{Heap after GC invocations=2 (full 0):
 garbage-first heap   total 262144K, used 11761K [0x00000000e0000000, 0x0000000100000000)
  region size 1024K, 3 young (3072K), 3 survivors (3072K)
 Metaspace       used 4520K, committed 4736K, reserved 393216K
  class space    used 588K, committed 704K, reserved 327680K
}
Event: 125.495 GC heap before
{Heap before GC invocations=2 (full 0):
 garbage-first heap   total 262144K, used 34289K [0x00000000e0000000, 0x0000000100000000)
  region size 1024K, 24 young (24576K), 3 survivors (3072K)
 Metaspace       used 4670K, committed 4864K, reserved 393216K
  class space    used 589K, committed 704K, reserved 327680K
}
Event: 125.504 GC heap after
{Heap after GC invocations=3 (full 0):
 garbage-first heap   total 262144K, used 15221K [0x00000000e0000000, 0x0000000100000000)
  region size 1024K, 3 young (3072K), 3 survivors (3072K)
 Metaspace       used 4670K, committed 4864K, reserved 393216K
  class space    used 589K, committed 704K, reserved 327680K
}
Event: 265.053 GC heap before
{Heap before GC invocations=3 (full 0):
 garbage-first heap   total 262144K, used 106357K [0x00000000e0000000, 0x0000000100000000)
  region size 1024K, 93 young (95232K), 3 survivors (3072K)
 Metaspace       used 18418K, committed 19008K, reserved 393216K
  class space    used 2558K, committed 2816K, reserved 327680K
}
Event: 265.072 GC heap after
{Heap after GC invocations=4 (full 0):
 garbage-first heap   total 262144K, used 23049K [0x00000000e0000000, 0x0000000100000000)
  region size 1024K, 10 young (10240K), 10 survivors (10240K)
 Metaspace       used 18418K, committed 19008K, reserved 393216K
  class space    used 2558K, committed 2816K, reserved 327680K
}
Event: 278.708 GC heap before
{Heap before GC invocations=4 (full 0):
 garbage-first heap   total 262144K, used 41481K [0x00000000e0000000, 0x0000000100000000)
  region size 1024K, 29 young (29696K), 10 survivors (10240K)
 Metaspace       used 20829K, committed 21504K, reserved 393216K
  class space    used 2962K, committed 3264K, reserved 327680K
}
Event: 278.726 GC heap after
{Heap after GC invocations=5 (full 0):
 garbage-first heap   total 262144K, used 25014K [0x00000000e0000000, 0x0000000100000000)
  region size 1024K, 2 young (2048K), 2 survivors (2048K)
 Metaspace       used 20829K, committed 21504K, reserved 393216K
  class space    used 2962K, committed 3264K, reserved 327680K
}
Event: 359.165 GC heap before
{Heap before GC invocations=6 (full 0):
 garbage-first heap   total 262144K, used 128438K [0x00000000e0000000, 0x0000000100000000)
  region size 1024K, 104 young (106496K), 2 survivors (2048K)
 Metaspace       used 34353K, committed 35712K, reserved 393216K
  class space    used 5094K, committed 5760K, reserved 327680K
}
Event: 359.181 GC heap after
{Heap after GC invocations=7 (full 0):
 garbage-first heap   total 262144K, used 30401K [0x00000000e0000000, 0x0000000100000000)
  region size 1024K, 8 young (8192K), 8 survivors (8192K)
 Metaspace       used 34353K, committed 35712K, reserved 393216K
  class space    used 5094K, committed 5760K, reserved 327680K
}
Event: 360.973 GC heap before
{Heap before GC invocations=7 (full 0):
 garbage-first heap   total 262144K, used 31425K [0x00000000e0000000, 0x0000000100000000)
  region size 1024K, 10 young (10240K), 8 survivors (8192K)
 Metaspace       used 34544K, committed 35968K, reserved 393216K
  class space    used 5105K, committed 5824K, reserved 327680K
}
Event: 360.985 GC heap after
{Heap after GC invocations=8 (full 0):
 garbage-first heap   total 262144K, used 30657K [0x00000000e0000000, 0x0000000100000000)
  region size 1024K, 8 young (8192K), 8 survivors (8192K)
 Metaspace       used 34544K, committed 35968K, reserved 393216K
  class space    used 5105K, committed 5824K, reserved 327680K
}
Event: 362.261 GC heap before
{Heap before GC invocations=8 (full 0):
 garbage-first heap   total 262144K, used 32705K [0x00000000e0000000, 0x0000000100000000)
  region size 1024K, 11 young (11264K), 8 survivors (8192K)
 Metaspace       used 34937K, committed 36288K, reserved 393216K
  class space    used 5137K, committed 5824K, reserved 327680K
}
Event: 362.288 GC heap after
{Heap after GC invocations=9 (full 0):
 garbage-first heap   total 262144K, used 31085K [0x00000000e0000000, 0x0000000100000000)
  region size 1024K, 8 young (8192K), 8 survivors (8192K)
 Metaspace       used 34937K, committed 36288K, reserved 393216K
  class space    used 5137K, committed 5824K, reserved 327680K
}

