# JRE version: OpenJDK Runtime Environment Temurin-21.0.12.1+1 (21.0.12.1+1) (build 21.0.12.1+1-LTS)
# Java VM: OpenJDK 64-Bit Server VM Temurin-21.0.12.1+1 (21.0.12.1+1-LTS, mixed mode, sharing, tiered, compressed class ptrs, parallel gc, windows-amd64)
GC Precious Log:
 CardTable entry size: 512
 CPUs: 4 total, 4 available
 Memory: 18369M
 Large Page Support: Disabled
 NUMA Support: Disabled
 Compressed Oops: Disabled
 Alignments: Space 512K, Generation 512K, Heap 2M
 Heap Min Capacity: 100M
 Heap Initial Capacity: 100M
 Heap Max Capacity: 32G
 Pre-touch: Disabled
 Parallel Workers: 4
Heap:
 PSYoungGen      total 29696K, used 29428K [0x0000025916180000, 0x0000025918280000, 0x0000025bc0c00000)
  eden space 25600K, 99% used [0x0000025916180000,0x0000025917a44238,0x0000025917a80000)
  from space 4096K, 99% used [0x0000025917a80000,0x0000025917e78fa0,0x0000025917e80000)
  to   space 4096K, 0% used [0x0000025917e80000,0x0000025917e80000,0x0000025918280000)
 ParOldGen       total 68608K, used 5440K [0x00000253c0c00000, 0x00000253c4f00000, 0x0000025916180000)
  object space 68608K, 7% used [0x00000253c0c00000,0x00000253c11502d0,0x00000253c4f00000)
 Metaspace       used 9638K, committed 9984K, reserved 1114112K
  class space    used 1011K, committed 1152K, reserved 1048576K
GC Heap History (6 events):
Event: 3.566 GC heap before
{Heap before GC invocations=1 (full 0):
 PSYoungGen      total 29696K, used 25600K [0x0000025916180000, 0x0000025918280000, 0x0000025bc0c00000)
  eden space 25600K, 100% used [0x0000025916180000,0x0000025917a80000,0x0000025917a80000)
  from space 4096K, 0% used [0x0000025917e80000,0x0000025917e80000,0x0000025918280000)
  to   space 4096K, 0% used [0x0000025917a80000,0x0000025917a80000,0x0000025917e80000)
 ParOldGen       total 68608K, used 0K [0x00000253c0c00000, 0x00000253c4f00000, 0x0000025916180000)
  object space 68608K, 0% used [0x00000253c0c00000,0x00000253c0c00000,0x00000253c4f00000)
 Metaspace       used 4168K, committed 4416K, reserved 1114112K
  class space    used 458K, committed 576K, reserved 1048576K
}
Event: 3.576 GC heap after
{Heap after GC invocations=1 (full 0):
 PSYoungGen      total 29696K, used 3961K [0x0000025916180000, 0x0000025918280000, 0x0000025bc0c00000)
  eden space 25600K, 0% used [0x0000025916180000,0x0000025916180000,0x0000025917a80000)
  from space 4096K, 96% used [0x0000025917a80000,0x0000025917e5e700,0x0000025917e80000)
  to   space 4096K, 0% used [0x0000025917e80000,0x0000025917e80000,0x0000025918280000)
 ParOldGen       total 68608K, used 16K [0x00000253c0c00000, 0x00000253c4f00000, 0x0000025916180000)
  object space 68608K, 0% used [0x00000253c0c00000,0x00000253c0c04000,0x00000253c4f00000)
 Metaspace       used 4168K, committed 4416K, reserved 1114112K
  class space    used 458K, committed 576K, reserved 1048576K
}
Event: 4.718 GC heap before
{Heap before GC invocations=2 (full 0):
 PSYoungGen      total 29696K, used 29561K [0x0000025916180000, 0x0000025918280000, 0x0000025bc0c00000)
  eden space 25600K, 100% used [0x0000025916180000,0x0000025917a80000,0x0000025917a80000)
  from space 4096K, 96% used [0x0000025917a80000,0x0000025917e5e700,0x0000025917e80000)
  to   space 4096K, 0% used [0x0000025917e80000,0x0000025917e80000,0x0000025918280000)
 ParOldGen       total 68608K, used 16K [0x00000253c0c00000, 0x00000253c4f00000, 0x0000025916180000)
  object space 68608K, 0% used [0x00000253c0c00000,0x00000253c0c04000,0x00000253c4f00000)
 Metaspace       used 7279K, committed 7552K, reserved 1114112K
  class space    used 744K, committed 896K, reserved 1048576K
}
Event: 4.730 GC heap after
{Heap after GC invocations=2 (full 0):
 PSYoungGen      total 29696K, used 4086K [0x0000025916180000, 0x0000025918280000, 0x0000025bc0c00000)
  eden space 25600K, 0% used [0x0000025916180000,0x0000025916180000,0x0000025917a80000)
  from space 4096K, 99% used [0x0000025917e80000,0x000002591827d810,0x0000025918280000)
  to   space 4096K, 0% used [0x0000025917a80000,0x0000025917a80000,0x0000025917e80000)
 ParOldGen       total 68608K, used 3494K [0x00000253c0c00000, 0x00000253c4f00000, 0x0000025916180000)
  object space 68608K, 5% used [0x00000253c0c00000,0x00000253c0f69a18,0x00000253c4f00000)
 Metaspace       used 7279K, committed 7552K, reserved 1114112K
  class space    used 744K, committed 896K, reserved 1048576K
}
Event: 5.704 GC heap before
{Heap before GC invocations=3 (full 0):
 PSYoungGen      total 29696K, used 29686K [0x0000025916180000, 0x0000025918280000, 0x0000025bc0c00000)
  eden space 25600K, 100% used [0x0000025916180000,0x0000025917a80000,0x0000025917a80000)
  from space 4096K, 99% used [0x0000025917e80000,0x000002591827d810,0x0000025918280000)
  to   space 4096K, 0% used [0x0000025917a80000,0x0000025917a80000,0x0000025917e80000)
 ParOldGen       total 68608K, used 3494K [0x00000253c0c00000, 0x00000253c4f00000, 0x0000025916180000)
  object space 68608K, 5% used [0x00000253c0c00000,0x00000253c0f69a18,0x00000253c4f00000)
 Metaspace       used 9426K, committed 9728K, reserved 1114112K
  class space    used 1011K, committed 1152K, reserved 1048576K
}
Event: 5.715 GC heap after
{Heap after GC invocations=3 (full 0):
 PSYoungGen      total 29696K, used 4067K [0x0000025916180000, 0x0000025918280000, 0x0000025bc0c00000)
  eden space 25600K, 0% used [0x0000025916180000,0x0000025916180000,0x0000025917a80000)
  from space 4096K, 99% used [0x0000025917a80000,0x0000025917e78fa0,0x0000025917e80000)
  to   space 4096K, 0% used [0x0000025917e80000,0x0000025917e80000,0x0000025918280000)
 ParOldGen       total 68608K, used 5440K [0x00000253c0c00000, 0x00000253c4f00000, 0x0000025916180000)
  object space 68608K, 7% used [0x00000253c0c00000,0x00000253c11502d0,0x00000253c4f00000)
 Metaspace       used 9426K, committed 9728K, reserved 1114112K
  class space    used 1011K, committed 1152K, reserved 1048576K
}

