# JRE version: OpenJDK Runtime Environment Temurin-21.0.12.1+1 (21.0.12.1+1) (build 21.0.12.1+1-LTS)
# Java VM: OpenJDK 64-Bit Server VM Temurin-21.0.12.1+1 (21.0.12.1+1-LTS, mixed mode, sharing, tiered, compressed oops, compressed class ptrs, parallel gc, windows-amd64)
GC Precious Log:
 CardTable entry size: 512
 CPUs: 4 total, 4 available
 Memory: 18369M
 Large Page Support: Disabled
 NUMA Support: Disabled
 Compressed Oops: Enabled (32-bit)
 Alignments: Space 512K, Generation 512K, Heap 2M
 Heap Min Capacity: 100M
 Heap Initial Capacity: 100M
 Heap Max Capacity: 2G
 Pre-touch: Disabled
 Parallel Workers: 4
Heap:
 PSYoungGen      total 2048K, used 1465K [0x00000000d5580000, 0x00000000d5900000, 0x0000000100000000)
  eden space 1536K, 62% used [0x00000000d5580000,0x00000000d566e4f0,0x00000000d5700000)
  from space 512K, 100% used [0x00000000d5700000,0x00000000d5780000,0x00000000d5780000)
  to   space 1024K, 0% used [0x00000000d5800000,0x00000000d5800000,0x00000000d5900000)
 ParOldGen       total 430592K, used 430312K [0x0000000080000000, 0x000000009a480000, 0x00000000d5580000)
  object space 430592K, 99% used [0x0000000080000000,0x000000009a43a1d0,0x000000009a480000)
 Metaspace       used 83490K, committed 85120K, reserved 1179648K
  class space    used 9359K, committed 10112K, reserved 1048576K
GC Heap History (20 events):
Event: 45850.334 GC heap before
{Heap before GC invocations=529 (full 3):
 PSYoungGen      total 2560K, used 1504K [0x00000000d5580000, 0x00000000d5900000, 0x0000000100000000)
  eden space 1024K, 100% used [0x00000000d5580000,0x00000000d5680000,0x00000000d5680000)
  from space 1536K, 31% used [0x00000000d5680000,0x00000000d56f8000,0x00000000d5800000)
  to   space 1024K, 0% used [0x00000000d5800000,0x00000000d5800000,0x00000000d5900000)
 ParOldGen       total 425472K, used 425441K [0x0000000080000000, 0x0000000099f80000, 0x00000000d5580000)
  object space 425472K, 99% used [0x0000000080000000,0x0000000099f786c8,0x0000000099f80000)
 Metaspace       used 83480K, committed 85120K, reserved 1179648K
  class space    used 9359K, committed 10112K, reserved 1048576K
}
Event: 45850.337 GC heap after
{Heap after GC invocations=529 (full 3):
 PSYoungGen      total 2048K, used 256K [0x00000000d5580000, 0x00000000d5880000, 0x0000000100000000)
  eden space 1536K, 0% used [0x00000000d5580000,0x00000000d5580000,0x00000000d5700000)
  from space 512K, 50% used [0x00000000d5800000,0x00000000d5840000,0x00000000d5880000)
  to   space 512K, 0% used [0x00000000d5780000,0x00000000d5780000,0x00000000d5800000)
 ParOldGen       total 425984K, used 425905K [0x0000000080000000, 0x000000009a000000, 0x00000000d5580000)
  object space 425984K, 99% used [0x0000000080000000,0x0000000099fec6c8,0x000000009a000000)
 Metaspace       used 83480K, committed 85120K, reserved 1179648K
  class space    used 9359K, committed 10112K, reserved 1048576K
}
Event: 45850.383 GC heap before
{Heap before GC invocations=530 (full 3):
 PSYoungGen      total 2048K, used 1792K [0x00000000d5580000, 0x00000000d5880000, 0x0000000100000000)
  eden space 1536K, 100% used [0x00000000d5580000,0x00000000d5700000,0x00000000d5700000)
  from space 512K, 50% used [0x00000000d5800000,0x00000000d5840000,0x00000000d5880000)
  to   space 512K, 0% used [0x00000000d5780000,0x00000000d5780000,0x00000000d5800000)
 ParOldGen       total 425984K, used 425905K [0x0000000080000000, 0x000000009a000000, 0x00000000d5580000)
  object space 425984K, 99% used [0x0000000080000000,0x0000000099fec6c8,0x000000009a000000)
 Metaspace       used 83480K, committed 85120K, reserved 1179648K
  class space    used 9359K, committed 10112K, reserved 1048576K
}
Event: 45850.385 GC heap after
{Heap after GC invocations=530 (full 3):
 PSYoungGen      total 2560K, used 512K [0x00000000d5580000, 0x00000000d5980000, 0x0000000100000000)
  eden space 2048K, 0% used [0x00000000d5580000,0x00000000d5580000,0x00000000d5780000)
  from space 512K, 100% used [0x00000000d5780000,0x00000000d5800000,0x00000000d5800000)
  to   space 1024K, 0% used [0x00000000d5880000,0x00000000d5880000,0x00000000d5980000)
 ParOldGen       total 426496K, used 426201K [0x0000000080000000, 0x000000009a080000, 0x00000000d5580000)
  object space 426496K, 99% used [0x0000000080000000,0x000000009a0366c8,0x000000009a080000)
 Metaspace       used 83480K, committed 85120K, reserved 1179648K
  class space    used 9359K, committed 10112K, reserved 1048576K
}
Event: 45850.499 GC heap before
{Heap before GC invocations=531 (full 3):
 PSYoungGen      total 2560K, used 2560K [0x00000000d5580000, 0x00000000d5980000, 0x0000000100000000)
  eden space 2048K, 100% used [0x00000000d5580000,0x00000000d5780000,0x00000000d5780000)
  from space 512K, 100% used [0x00000000d5780000,0x00000000d5800000,0x00000000d5800000)
  to   space 1024K, 0% used [0x00000000d5880000,0x00000000d5880000,0x00000000d5980000)
 ParOldGen       total 426496K, used 426201K [0x0000000080000000, 0x000000009a080000, 0x00000000d5580000)
  object space 426496K, 99% used [0x0000000080000000,0x000000009a0366c8,0x000000009a080000)
 Metaspace       used 83480K, committed 85120K, reserved 1179648K
  class space    used 9359K, committed 10112K, reserved 1048576K
}
Event: 45850.504 GC heap after
{Heap after GC invocations=531 (full 3):
 PSYoungGen      total 1536K, used 1024K [0x00000000d5580000, 0x00000000d5e00000, 0x0000000100000000)
  eden space 512K, 0% used [0x00000000d5580000,0x00000000d5580000,0x00000000d5600000)
  from space 1024K, 100% used [0x00000000d5880000,0x00000000d5980000,0x00000000d5980000)
  to   space 2560K, 0% used [0x00000000d5600000,0x00000000d5600000,0x00000000d5880000)
 ParOldGen       total 428032K, used 427617K [0x0000000080000000, 0x000000009a200000, 0x00000000d5580000)
  object space 428032K, 99% used [0x0000000080000000,0x000000009a1986c8,0x000000009a200000)
 Metaspace       used 83480K, committed 85120K, reserved 1179648K
  class space    used 9359K, committed 10112K, reserved 1048576K
}
Event: 45850.529 GC heap before
{Heap before GC invocations=532 (full 3):
 PSYoungGen      total 1536K, used 1536K [0x00000000d5580000, 0x00000000d5e00000, 0x0000000100000000)
  eden space 512K, 100% used [0x00000000d5580000,0x00000000d5600000,0x00000000d5600000)
  from space 1024K, 100% used [0x00000000d5880000,0x00000000d5980000,0x00000000d5980000)
  to   space 2560K, 0% used [0x00000000d5600000,0x00000000d5600000,0x00000000d5880000)
 ParOldGen       total 428032K, used 427617K [0x0000000080000000, 0x000000009a200000, 0x00000000d5580000)
  object space 428032K, 99% used [0x0000000080000000,0x000000009a1986c8,0x000000009a200000)
 Metaspace       used 83480K, committed 85120K, reserved 1179648K
  class space    used 9359K, committed 10112K, reserved 1048576K
}
Event: 45850.531 GC heap after
{Heap after GC invocations=532 (full 3):
 PSYoungGen      total 1536K, used 544K [0x00000000d5580000, 0x00000000d5900000, 0x0000000100000000)
  eden space 512K, 0% used [0x00000000d5580000,0x00000000d5580000,0x00000000d5600000)
  from space 1024K, 53% used [0x00000000d5600000,0x00000000d5688000,0x00000000d5700000)
  to   space 1536K, 0% used [0x00000000d5780000,0x00000000d5780000,0x00000000d5900000)
 ParOldGen       total 429056K, used 428665K [0x0000000080000000, 0x000000009a300000, 0x00000000d5580000)
  object space 429056K, 99% used [0x0000000080000000,0x000000009a29e6c8,0x000000009a300000)
 Metaspace       used 83480K, committed 85120K, reserved 1179648K
  class space    used 9359K, committed 10112K, reserved 1048576K
}
Event: 45850.534 GC heap before
{Heap before GC invocations=533 (full 3):
 PSYoungGen      total 1536K, used 1055K [0x00000000d5580000, 0x00000000d5900000, 0x0000000100000000)
  eden space 512K, 99% used [0x00000000d5580000,0x00000000d55fffc8,0x00000000d5600000)
  from space 1024K, 53% used [0x00000000d5600000,0x00000000d5688000,0x00000000d5700000)
  to   space 1536K, 0% used [0x00000000d5780000,0x00000000d5780000,0x00000000d5900000)
 ParOldGen       total 429056K, used 428665K [0x0000000080000000, 0x000000009a300000, 0x00000000d5580000)
  object space 429056K, 99% used [0x0000000080000000,0x000000009a29e6c8,0x000000009a300000)
 Metaspace       used 83480K, committed 85120K, reserved 1179648K
  class space    used 9359K, committed 10112K, reserved 1048576K
}
Event: 45850.537 GC heap after
{Heap after GC invocations=533 (full 3):
 PSYoungGen      total 1536K, used 256K [0x00000000d5580000, 0x00000000d5800000, 0x0000000100000000)
  eden space 1024K, 0% used [0x00000000d5580000,0x00000000d5580000,0x00000000d5680000)
  from space 512K, 50% used [0x00000000d5780000,0x00000000d57c0000,0x00000000d5800000)
  to   space 512K, 0% used [0x00000000d5700000,0x00000000d5700000,0x00000000d5780000)
 ParOldGen       total 429568K, used 429137K [0x0000000080000000, 0x000000009a380000, 0x00000000d5580000)
  object space 429568K, 99% used [0x0000000080000000,0x000000009a3146c8,0x000000009a380000)
 Metaspace       used 83480K, committed 85120K, reserved 1179648K
  class space    used 9359K, committed 10112K, reserved 1048576K
}
Event: 45850.587 GC heap before
{Heap before GC invocations=534 (full 3):
 PSYoungGen      total 1536K, used 1279K [0x00000000d5580000, 0x00000000d5800000, 0x0000000100000000)
  eden space 1024K, 99% used [0x00000000d5580000,0x00000000d567fff0,0x00000000d5680000)
  from space 512K, 50% used [0x00000000d5780000,0x00000000d57c0000,0x00000000d5800000)
  to   space 512K, 0% used [0x00000000d5700000,0x00000000d5700000,0x00000000d5780000)
 ParOldGen       total 429568K, used 429137K [0x0000000080000000, 0x000000009a380000, 0x00000000d5580000)
  object space 429568K, 99% used [0x0000000080000000,0x000000009a3146c8,0x000000009a380000)
 Metaspace       used 83480K, committed 85120K, reserved 1179648K
  class space    used 9359K, committed 10112K, reserved 1048576K
}
Event: 45850.589 GC heap after
{Heap after GC invocations=534 (full 3):
 PSYoungGen      total 2048K, used 352K [0x00000000d5580000, 0x00000000d5800000, 0x0000000100000000)
  eden space 1536K, 0% used [0x00000000d5580000,0x00000000d5580000,0x00000000d5700000)
  from space 512K, 68% used [0x00000000d5700000,0x00000000d5758000,0x00000000d5780000)
  to   space 512K, 0% used [0x00000000d5780000,0x00000000d5780000,0x00000000d5800000)
 ParOldGen       total 429568K, used 429377K [0x0000000080000000, 0x000000009a380000, 0x00000000d5580000)
  object space 429568K, 99% used [0x0000000080000000,0x000000009a3506c8,0x000000009a380000)
 Metaspace       used 83480K, committed 85120K, reserved 1179648K
  class space    used 9359K, committed 10112K, reserved 1048576K
}
Event: 45850.660 GC heap before
{Heap before GC invocations=535 (full 3):
 PSYoungGen      total 2048K, used 1888K [0x00000000d5580000, 0x00000000d5800000, 0x0000000100000000)
  eden space 1536K, 100% used [0x00000000d5580000,0x00000000d5700000,0x00000000d5700000)
  from space 512K, 68% used [0x00000000d5700000,0x00000000d5758000,0x00000000d5780000)
  to   space 512K, 0% used [0x00000000d5780000,0x00000000d5780000,0x00000000d5800000)
 ParOldGen       total 429568K, used 429377K [0x0000000080000000, 0x000000009a380000, 0x00000000d5580000)
  object space 429568K, 99% used [0x0000000080000000,0x000000009a3506c8,0x000000009a380000)
 Metaspace       used 83480K, committed 85120K, reserved 1179648K
  class space    used 9359K, committed 10112K, reserved 1048576K
}
Event: 45850.663 GC heap after
{Heap after GC invocations=535 (full 3):
 PSYoungGen      total 2048K, used 320K [0x00000000d5580000, 0x00000000d5800000, 0x0000000100000000)
  eden space 1536K, 0% used [0x00000000d5580000,0x00000000d5580000,0x00000000d5700000)
  from space 512K, 62% used [0x00000000d5780000,0x00000000d57d0000,0x00000000d5800000)
  to   space 512K, 0% used [0x00000000d5700000,0x00000000d5700000,0x00000000d5780000)
 ParOldGen       total 430080K, used 429672K [0x0000000080000000, 0x000000009a400000, 0x00000000d5580000)
  object space 430080K, 99% used [0x0000000080000000,0x000000009a39a3c8,0x000000009a400000)
 Metaspace       used 83480K, committed 85120K, reserved 1179648K
  class space    used 9359K, committed 10112K, reserved 1048576K
}
Event: 45850.758 GC heap before
{Heap before GC invocations=536 (full 3):
 PSYoungGen      total 2048K, used 1856K [0x00000000d5580000, 0x00000000d5800000, 0x0000000100000000)
  eden space 1536K, 100% used [0x00000000d5580000,0x00000000d5700000,0x00000000d5700000)
  from space 512K, 62% used [0x00000000d5780000,0x00000000d57d0000,0x00000000d5800000)
  to   space 512K, 0% used [0x00000000d5700000,0x00000000d5700000,0x00000000d5780000)
 ParOldGen       total 430080K, used 429672K [0x0000000080000000, 0x000000009a400000, 0x00000000d5580000)
  object space 430080K, 99% used [0x0000000080000000,0x000000009a39a3c8,0x000000009a400000)
 Metaspace       used 83480K, committed 85120K, reserved 1179648K
  class space    used 9359K, committed 10112K, reserved 1048576K
}
Event: 45850.760 GC heap after
{Heap after GC invocations=536 (full 3):
 PSYoungGen      total 2048K, used 277K [0x00000000d5580000, 0x00000000d5800000, 0x0000000100000000)
  eden space 1536K, 0% used [0x00000000d5580000,0x00000000d5580000,0x00000000d5700000)
  from space 512K, 54% used [0x00000000d5700000,0x00000000d5745400,0x00000000d5780000)
  to   space 512K, 0% used [0x00000000d5780000,0x00000000d5780000,0x00000000d5800000)
 ParOldGen       total 430080K, used 429937K [0x0000000080000000, 0x000000009a400000, 0x00000000d5580000)
  object space 430080K, 99% used [0x0000000080000000,0x000000009a3dc7d0,0x000000009a400000)
 Metaspace       used 83480K, committed 85120K, reserved 1179648K
  class space    used 9359K, committed 10112K, reserved 1048576K
}
Event: 45850.999 GC heap before
{Heap before GC invocations=537 (full 3):
 PSYoungGen      total 2048K, used 1813K [0x00000000d5580000, 0x00000000d5800000, 0x0000000100000000)
  eden space 1536K, 100% used [0x00000000d5580000,0x00000000d5700000,0x00000000d5700000)
  from space 512K, 54% used [0x00000000d5700000,0x00000000d5745400,0x00000000d5780000)
  to   space 512K, 0% used [0x00000000d5780000,0x00000000d5780000,0x00000000d5800000)
 ParOldGen       total 430080K, used 429937K [0x0000000080000000, 0x000000009a400000, 0x00000000d5580000)
  object space 430080K, 99% used [0x0000000080000000,0x000000009a3dc7d0,0x000000009a400000)
 Metaspace       used 83481K, committed 85120K, reserved 1179648K
  class space    used 9359K, committed 10112K, reserved 1048576K
}
Event: 45851.001 GC heap after
{Heap after GC invocations=537 (full 3):
 PSYoungGen      total 2048K, used 244K [0x00000000d5580000, 0x00000000d5800000, 0x0000000100000000)
  eden space 1536K, 0% used [0x00000000d5580000,0x00000000d5580000,0x00000000d5700000)
  from space 512K, 47% used [0x00000000d5780000,0x00000000d57bd200,0x00000000d5800000)
  to   space 512K, 0% used [0x00000000d5700000,0x00000000d5700000,0x00000000d5780000)
 ParOldGen       total 430592K, used 430139K [0x0000000080000000, 0x000000009a480000, 0x00000000d5580000)
  object space 430592K, 99% used [0x0000000080000000,0x000000009a40efd0,0x000000009a480000)
 Metaspace       used 83481K, committed 85120K, reserved 1179648K
  class space    used 9359K, committed 10112K, reserved 1048576K
}
Event: 45851.183 GC heap before
{Heap before GC invocations=538 (full 3):
 PSYoungGen      total 2048K, used 1780K [0x00000000d5580000, 0x00000000d5800000, 0x0000000100000000)
  eden space 1536K, 100% used [0x00000000d5580000,0x00000000d5700000,0x00000000d5700000)
  from space 512K, 47% used [0x00000000d5780000,0x00000000d57bd200,0x00000000d5800000)
  to   space 512K, 0% used [0x00000000d5700000,0x00000000d5700000,0x00000000d5780000)
 ParOldGen       total 430592K, used 430139K [0x0000000080000000, 0x000000009a480000, 0x00000000d5580000)
  object space 430592K, 99% used [0x0000000080000000,0x000000009a40efd0,0x000000009a480000)
 Metaspace       used 83481K, committed 85120K, reserved 1179648K
  class space    used 9359K, committed 10112K, reserved 1048576K
}
Event: 45851.186 GC heap after
{Heap after GC invocations=538 (full 3):
 PSYoungGen      total 2048K, used 512K [0x00000000d5580000, 0x00000000d5900000, 0x0000000100000000)
  eden space 1536K, 0% used [0x00000000d5580000,0x00000000d5580000,0x00000000d5700000)
  from space 512K, 100% used [0x00000000d5700000,0x00000000d5780000,0x00000000d5780000)
  to   space 1024K, 0% used [0x00000000d5800000,0x00000000d5800000,0x00000000d5900000)
 ParOldGen       total 430592K, used 430312K [0x0000000080000000, 0x000000009a480000, 0x00000000d5580000)
  object space 430592K, 99% used [0x0000000080000000,0x000000009a43a1d0,0x000000009a480000)
 Metaspace       used 83481K, committed 85120K, reserved 1179648K
  class space    used 9359K, committed 10112K, reserved 1048576K
}

