# JRE version: OpenJDK Runtime Environment Temurin-21.0.12.1+1 (21.0.12.1+1) (build 21.0.12.1+1-LTS)
# Java VM: OpenJDK 64-Bit Server VM Temurin-21.0.12.1+1 (21.0.12.1+1-LTS, mixed mode, sharing, tiered, compressed class ptrs, parallel gc, windows-amd64)
GC Precious Log:
 CardTable entry size: 512
 CPUs: 4 total, 4 available
 Memory: 18369M
 Large Page Support: Disabled
 NUMA Support: Disabled
 Compressed Oops: Disabled
 Alignments: Space 512K, Generation 512K, Heap 2M
 Heap Min Capacity: 100M
 Heap Initial Capacity: 100M
 Heap Max Capacity: 32G
 Pre-touch: Disabled
 Parallel Workers: 4
Heap:
 PSYoungGen      total 2048K, used 1288K [0x00000254f0580000, 0x00000254f0880000, 0x000002579b000000)
  eden space 1536K, 66% used [0x00000254f0580000,0x00000254f067d8a0,0x00000254f0700000)
  from space 512K, 53% used [0x00000254f0780000,0x00000254f07c47e0,0x00000254f0800000)
  to   space 512K, 0% used [0x00000254f0800000,0x00000254f0800000,0x00000254f0880000)
 ParOldGen       total 367104K, used 366961K [0x0000024f9b000000, 0x0000024fb1680000, 0x00000254f0580000)
  object space 367104K, 99% used [0x0000024f9b000000,0x0000024fb165c580,0x0000024fb1680000)
 Metaspace       used 81794K, committed 83392K, reserved 1179648K
  class space    used 8895K, committed 9536K, reserved 1048576K
GC Heap History (20 events):
Event: 67.218 GC heap before
{Heap before GC invocations=496 (full 3):
 PSYoungGen      total 2560K, used 2048K [0x00000254f0580000, 0x00000254f0900000, 0x000002579b000000)
  eden space 1536K, 100% used [0x00000254f0580000,0x00000254f0700000,0x00000254f0700000)
  from space 1024K, 50% used [0x00000254f0800000,0x00000254f0880000,0x00000254f0900000)
  to   space 1024K, 0% used [0x00000254f0700000,0x00000254f0700000,0x00000254f0800000)
 ParOldGen       total 363008K, used 362699K [0x0000024f9b000000, 0x0000024fb1280000, 0x00000254f0580000)
  object space 363008K, 99% used [0x0000024f9b000000,0x0000024fb1232e18,0x0000024fb1280000)
 Metaspace       used 81533K, committed 83136K, reserved 1179648K
  class space    used 8868K, committed 9536K, reserved 1048576K
}
Event: 67.221 GC heap after
{Heap after GC invocations=496 (full 3):
 PSYoungGen      total 2560K, used 576K [0x00000254f0580000, 0x00000254f0900000, 0x000002579b000000)
  eden space 1536K, 0% used [0x00000254f0580000,0x00000254f0580000,0x00000254f0700000)
  from space 1024K, 56% used [0x00000254f0700000,0x00000254f0790000,0x00000254f0800000)
  to   space 1024K, 0% used [0x00000254f0800000,0x00000254f0800000,0x00000254f0900000)
 ParOldGen       total 363520K, used 363163K [0x0000024f9b000000, 0x0000024fb1300000, 0x00000254f0580000)
  object space 363520K, 99% used [0x0000024f9b000000,0x0000024fb12a6e18,0x0000024fb1300000)
 Metaspace       used 81533K, committed 83136K, reserved 1179648K
  class space    used 8868K, committed 9536K, reserved 1048576K
}
Event: 67.282 GC heap before
{Heap before GC invocations=497 (full 3):
 PSYoungGen      total 2560K, used 2112K [0x00000254f0580000, 0x00000254f0900000, 0x000002579b000000)
  eden space 1536K, 100% used [0x00000254f0580000,0x00000254f0700000,0x00000254f0700000)
  from space 1024K, 56% used [0x00000254f0700000,0x00000254f0790000,0x00000254f0800000)
  to   space 1024K, 0% used [0x00000254f0800000,0x00000254f0800000,0x00000254f0900000)
 ParOldGen       total 363520K, used 363163K [0x0000024f9b000000, 0x0000024fb1300000, 0x00000254f0580000)
  object space 363520K, 99% used [0x0000024f9b000000,0x0000024fb12a6e18,0x0000024fb1300000)
 Metaspace       used 81533K, committed 83136K, reserved 1179648K
  class space    used 8868K, committed 9536K, reserved 1048576K
}
Event: 67.286 GC heap after
{Heap after GC invocations=497 (full 3):
 PSYoungGen      total 2560K, used 544K [0x00000254f0580000, 0x00000254f0900000, 0x000002579b000000)
  eden space 1536K, 0% used [0x00000254f0580000,0x00000254f0580000,0x00000254f0700000)
  from space 1024K, 53% used [0x00000254f0800000,0x00000254f0888000,0x00000254f0900000)
  to   space 1024K, 0% used [0x00000254f0700000,0x00000254f0700000,0x00000254f0800000)
 ParOldGen       total 364032K, used 363667K [0x0000024f9b000000, 0x0000024fb1380000, 0x00000254f0580000)
  object space 364032K, 99% used [0x0000024f9b000000,0x0000024fb1324e38,0x0000024fb1380000)
 Metaspace       used 81533K, committed 83136K, reserved 1179648K
  class space    used 8868K, committed 9536K, reserved 1048576K
}
Event: 67.300 GC heap before
{Heap before GC invocations=498 (full 3):
 PSYoungGen      total 2560K, used 2080K [0x00000254f0580000, 0x00000254f0900000, 0x000002579b000000)
  eden space 1536K, 100% used [0x00000254f0580000,0x00000254f0700000,0x00000254f0700000)
  from space 1024K, 53% used [0x00000254f0800000,0x00000254f0888000,0x00000254f0900000)
  to   space 1024K, 0% used [0x00000254f0700000,0x00000254f0700000,0x00000254f0800000)
 ParOldGen       total 364032K, used 363667K [0x0000024f9b000000, 0x0000024fb1380000, 0x00000254f0580000)
  object space 364032K, 99% used [0x0000024f9b000000,0x0000024fb1324e38,0x0000024fb1380000)
 Metaspace       used 81533K, committed 83136K, reserved 1179648K
  class space    used 8868K, committed 9536K, reserved 1048576K
}
Event: 67.304 GC heap after
{Heap after GC invocations=498 (full 3):
 PSYoungGen      total 2560K, used 512K [0x00000254f0580000, 0x00000254f0900000, 0x000002579b000000)
  eden space 1536K, 0% used [0x00000254f0580000,0x00000254f0580000,0x00000254f0700000)
  from space 1024K, 50% used [0x00000254f0700000,0x00000254f0780000,0x00000254f0800000)
  to   space 1024K, 0% used [0x00000254f0800000,0x00000254f0800000,0x00000254f0900000)
 ParOldGen       total 364544K, used 364139K [0x0000024f9b000000, 0x0000024fb1400000, 0x00000254f0580000)
  object space 364544K, 99% used [0x0000024f9b000000,0x0000024fb139ae38,0x0000024fb1400000)
 Metaspace       used 81533K, committed 83136K, reserved 1179648K
  class space    used 8868K, committed 9536K, reserved 1048576K
}
Event: 67.454 GC heap before
{Heap before GC invocations=499 (full 3):
 PSYoungGen      total 2560K, used 2048K [0x00000254f0580000, 0x00000254f0900000, 0x000002579b000000)
  eden space 1536K, 100% used [0x00000254f0580000,0x00000254f0700000,0x00000254f0700000)
  from space 1024K, 50% used [0x00000254f0700000,0x00000254f0780000,0x00000254f0800000)
  to   space 1024K, 0% used [0x00000254f0800000,0x00000254f0800000,0x00000254f0900000)
 ParOldGen       total 364544K, used 364139K [0x0000024f9b000000, 0x0000024fb1400000, 0x00000254f0580000)
  object space 364544K, 99% used [0x0000024f9b000000,0x0000024fb139ae38,0x0000024fb1400000)
 Metaspace       used 81552K, committed 83136K, reserved 1179648K
  class space    used 8868K, committed 9536K, reserved 1048576K
}
Event: 67.457 GC heap after
{Heap after GC invocations=499 (full 3):
 PSYoungGen      total 2560K, used 608K [0x00000254f0580000, 0x00000254f0900000, 0x000002579b000000)
  eden space 1536K, 0% used [0x00000254f0580000,0x00000254f0580000,0x00000254f0700000)
  from space 1024K, 59% used [0x00000254f0800000,0x00000254f0898010,0x00000254f0900000)
  to   space 1024K, 0% used [0x00000254f0700000,0x00000254f0700000,0x00000254f0800000)
 ParOldGen       total 365056K, used 364619K [0x0000024f9b000000, 0x0000024fb1480000, 0x00000254f0580000)
  object space 365056K, 99% used [0x0000024f9b000000,0x0000024fb1412e48,0x0000024fb1480000)
 Metaspace       used 81552K, committed 83136K, reserved 1179648K
  class space    used 8868K, committed 9536K, reserved 1048576K
}
Event: 67.559 GC heap before
{Heap before GC invocations=500 (full 3):
 PSYoungGen      total 2560K, used 2144K [0x00000254f0580000, 0x00000254f0900000, 0x000002579b000000)
  eden space 1536K, 100% used [0x00000254f0580000,0x00000254f0700000,0x00000254f0700000)
  from space 1024K, 59% used [0x00000254f0800000,0x00000254f0898010,0x00000254f0900000)
  to   space 1024K, 0% used [0x00000254f0700000,0x00000254f0700000,0x00000254f0800000)
 ParOldGen       total 365056K, used 364619K [0x0000024f9b000000, 0x0000024fb1480000, 0x00000254f0580000)
  object space 365056K, 99% used [0x0000024f9b000000,0x0000024fb1412e48,0x0000024fb1480000)
 Metaspace       used 81552K, committed 83136K, reserved 1179648K
  class space    used 8868K, committed 9536K, reserved 1048576K
}
Event: 67.562 GC heap after
{Heap after GC invocations=500 (full 3):
 PSYoungGen      total 2560K, used 337K [0x00000254f0580000, 0x00000254f0880000, 0x000002579b000000)
  eden space 1536K, 0% used [0x00000254f0580000,0x00000254f0580000,0x00000254f0700000)
  from space 1024K, 33% used [0x00000254f0700000,0x00000254f07547e0,0x00000254f0800000)
  to   space 512K, 0% used [0x00000254f0800000,0x00000254f0800000,0x00000254f0880000)
 ParOldGen       total 365568K, used 365063K [0x0000024f9b000000, 0x0000024fb1500000, 0x00000254f0580000)
  object space 365568K, 99% used [0x0000024f9b000000,0x0000024fb1481f50,0x0000024fb1500000)
 Metaspace       used 81552K, committed 83136K, reserved 1179648K
  class space    used 8868K, committed 9536K, reserved 1048576K
}
Event: 67.590 GC heap before
{Heap before GC invocations=501 (full 3):
 PSYoungGen      total 2560K, used 1873K [0x00000254f0580000, 0x00000254f0880000, 0x000002579b000000)
  eden space 1536K, 100% used [0x00000254f0580000,0x00000254f0700000,0x00000254f0700000)
  from space 1024K, 33% used [0x00000254f0700000,0x00000254f07547e0,0x00000254f0800000)
  to   space 512K, 0% used [0x00000254f0800000,0x00000254f0800000,0x00000254f0880000)
 ParOldGen       total 365568K, used 365063K [0x0000024f9b000000, 0x0000024fb1500000, 0x00000254f0580000)
  object space 365568K, 99% used [0x0000024f9b000000,0x0000024fb1481f50,0x0000024fb1500000)
 Metaspace       used 81553K, committed 83136K, reserved 1179648K
  class space    used 8868K, committed 9536K, reserved 1048576K
}
Event: 67.594 GC heap after
{Heap after GC invocations=501 (full 3):
 PSYoungGen      total 2048K, used 512K [0x00000254f0580000, 0x00000254f0900000, 0x000002579b000000)
  eden space 1536K, 0% used [0x00000254f0580000,0x00000254f0580000,0x00000254f0700000)
  from space 512K, 100% used [0x00000254f0800000,0x00000254f0880000,0x00000254f0880000)
  to   space 1024K, 0% used [0x00000254f0700000,0x00000254f0700000,0x00000254f0800000)
 ParOldGen       total 365568K, used 365337K [0x0000024f9b000000, 0x0000024fb1500000, 0x00000254f0580000)
  object space 365568K, 99% used [0x0000024f9b000000,0x0000024fb14c6740,0x0000024fb1500000)
 Metaspace       used 81553K, committed 83136K, reserved 1179648K
  class space    used 8868K, committed 9536K, reserved 1048576K
}
Event: 67.683 GC heap before
{Heap before GC invocations=502 (full 3):
 PSYoungGen      total 2048K, used 2045K [0x00000254f0580000, 0x00000254f0900000, 0x000002579b000000)
  eden space 1536K, 99% used [0x00000254f0580000,0x00000254f06ff738,0x00000254f0700000)
  from space 512K, 100% used [0x00000254f0800000,0x00000254f0880000,0x00000254f0880000)
  to   space 1024K, 0% used [0x00000254f0700000,0x00000254f0700000,0x00000254f0800000)
 ParOldGen       total 365568K, used 365337K [0x0000024f9b000000, 0x0000024fb1500000, 0x00000254f0580000)
  object space 365568K, 99% used [0x0000024f9b000000,0x0000024fb14c6740,0x0000024fb1500000)
 Metaspace       used 81562K, committed 83136K, reserved 1179648K
  class space    used 8870K, committed 9536K, reserved 1048576K
}
Event: 67.685 GC heap after
{Heap after GC invocations=502 (full 3):
 PSYoungGen      total 2560K, used 480K [0x00000254f0580000, 0x00000254f0900000, 0x000002579b000000)
  eden space 1536K, 0% used [0x00000254f0580000,0x00000254f0580000,0x00000254f0700000)
  from space 1024K, 46% used [0x00000254f0700000,0x00000254f0778000,0x00000254f0800000)
  to   space 1024K, 0% used [0x00000254f0800000,0x00000254f0800000,0x00000254f0900000)
 ParOldGen       total 366080K, used 365849K [0x0000024f9b000000, 0x0000024fb1580000, 0x00000254f0580000)
  object space 366080K, 99% used [0x0000024f9b000000,0x0000024fb1546750,0x0000024fb1580000)
 Metaspace       used 81562K, committed 83136K, reserved 1179648K
  class space    used 8870K, committed 9536K, reserved 1048576K
}
Event: 67.718 GC heap before
{Heap before GC invocations=503 (full 3):
 PSYoungGen      total 2560K, used 1982K [0x00000254f0580000, 0x00000254f0900000, 0x000002579b000000)
  eden space 1536K, 97% used [0x00000254f0580000,0x00000254f06f7868,0x00000254f0700000)
  from space 1024K, 46% used [0x00000254f0700000,0x00000254f0778000,0x00000254f0800000)
  to   space 1024K, 0% used [0x00000254f0800000,0x00000254f0800000,0x00000254f0900000)
 ParOldGen       total 366080K, used 365849K [0x0000024f9b000000, 0x0000024fb1580000, 0x00000254f0580000)
  object space 366080K, 99% used [0x0000024f9b000000,0x0000024fb1546750,0x0000024fb1580000)
 Metaspace       used 81785K, committed 83392K, reserved 1179648K
  class space    used 8892K, committed 9536K, reserved 1048576K
}
Event: 67.720 GC heap after
{Heap after GC invocations=503 (full 3):
 PSYoungGen      total 2048K, used 96K [0x00000254f0580000, 0x00000254f0880000, 0x000002579b000000)
  eden space 1536K, 0% used [0x00000254f0580000,0x00000254f0580000,0x00000254f0700000)
  from space 512K, 18% used [0x00000254f0800000,0x00000254f0818000,0x00000254f0880000)
  to   space 512K, 0% used [0x00000254f0780000,0x00000254f0780000,0x00000254f0800000)
 ParOldGen       total 366592K, used 366243K [0x0000024f9b000000, 0x0000024fb1600000, 0x00000254f0580000)
  object space 366592K, 99% used [0x0000024f9b000000,0x0000024fb15a8de0,0x0000024fb1600000)
 Metaspace       used 81785K, committed 83392K, reserved 1179648K
  class space    used 8892K, committed 9536K, reserved 1048576K
}
Event: 67.730 GC heap before
{Heap before GC invocations=504 (full 3):
 PSYoungGen      total 2048K, used 1632K [0x00000254f0580000, 0x00000254f0880000, 0x000002579b000000)
  eden space 1536K, 100% used [0x00000254f0580000,0x00000254f0700000,0x00000254f0700000)
  from space 512K, 18% used [0x00000254f0800000,0x00000254f0818000,0x00000254f0880000)
  to   space 512K, 0% used [0x00000254f0780000,0x00000254f0780000,0x00000254f0800000)
 ParOldGen       total 366592K, used 366243K [0x0000024f9b000000, 0x0000024fb1600000, 0x00000254f0580000)
  object space 366592K, 99% used [0x0000024f9b000000,0x0000024fb15a8de0,0x0000024fb1600000)
 Metaspace       used 81785K, committed 83392K, reserved 1179648K
  class space    used 8892K, committed 9536K, reserved 1048576K
}
Event: 67.732 GC heap after
{Heap after GC invocations=504 (full 3):
 PSYoungGen      total 2048K, used 433K [0x00000254f0580000, 0x00000254f0880000, 0x000002579b000000)
  eden space 1536K, 0% used [0x00000254f0580000,0x00000254f0580000,0x00000254f0700000)
  from space 512K, 84% used [0x00000254f0780000,0x00000254f07ec7e0,0x00000254f0800000)
  to   space 512K, 0% used [0x00000254f0800000,0x00000254f0800000,0x00000254f0880000)
 ParOldGen       total 366592K, used 366493K [0x0000024f9b000000, 0x0000024fb1600000, 0x00000254f0580000)
  object space 366592K, 99% used [0x0000024f9b000000,0x0000024fb15e75c0,0x0000024fb1600000)
 Metaspace       used 81785K, committed 83392K, reserved 1179648K
  class space    used 8892K, committed 9536K, reserved 1048576K
}
Event: 67.915 GC heap before
{Heap before GC invocations=505 (full 3):
 PSYoungGen      total 2048K, used 1969K [0x00000254f0580000, 0x00000254f0880000, 0x000002579b000000)
  eden space 1536K, 100% used [0x00000254f0580000,0x00000254f0700000,0x00000254f0700000)
  from space 512K, 84% used [0x00000254f0780000,0x00000254f07ec7e0,0x00000254f0800000)
  to   space 512K, 0% used [0x00000254f0800000,0x00000254f0800000,0x00000254f0880000)
 ParOldGen       total 366592K, used 366493K [0x0000024f9b000000, 0x0000024fb1600000, 0x00000254f0580000)
  object space 366592K, 99% used [0x0000024f9b000000,0x0000024fb15e75c0,0x0000024fb1600000)
 Metaspace       used 81792K, committed 83392K, reserved 1179648K
  class space    used 8894K, committed 9536K, reserved 1048576K
}
Event: 67.918 GC heap after
{Heap after GC invocations=505 (full 3):
 PSYoungGen      total 2048K, used 433K [0x00000254f0580000, 0x00000254f0880000, 0x000002579b000000)
  eden space 1536K, 0% used [0x00000254f0580000,0x00000254f0580000,0x00000254f0700000)
  from space 512K, 84% used [0x00000254f0800000,0x00000254f086c7e0,0x00000254f0880000)
  to   space 512K, 0% used [0x00000254f0780000,0x00000254f0780000,0x00000254f0800000)
 ParOldGen       total 367104K, used 366719K [0x0000024f9b000000, 0x0000024fb1680000, 0x00000254f0580000)
  object space 367104K, 99% used [0x0000024f9b000000,0x0000024fb161fda0,0x0000024fb1680000)
 Metaspace       used 81792K, committed 83392K, reserved 1179648K
  class space    used 8894K, committed 9536K, reserved 1048576K
}

