# JRE version: OpenJDK Runtime Environment Temurin-21.0.12.1+1 (21.0.12.1+1) (build 21.0.12.1+1-LTS)
# Java VM: OpenJDK 64-Bit Server VM Temurin-21.0.12.1+1 (21.0.12.1+1-LTS, mixed mode, sharing, tiered, compressed oops, compressed class ptrs, g1 gc, windows-amd64)
GC Precious Log:
 CardTable entry size: 512
 Card Set container configuration: InlinePtr #cards 5 size 8 Array Of Cards #cards 12 size 40 Howl #buckets 4 coarsen threshold 1843 Howl Bitmap #cards 512 size 80 coarsen threshold 460 Card regions per heap region 1 cards per card region 2048
 CPUs: 4 total, 4 available
 Memory: 18369M
 Large Page Support: Disabled
 NUMA Support: Disabled
 Compressed Oops: Enabled (32-bit)
 Heap Region Size: 1M
 Heap Min Capacity: 256M
 Heap Initial Capacity: 256M
 Heap Max Capacity: 512M
 Pre-touch: Disabled
 Parallel Workers: 4
 Concurrent Workers: 1
 Concurrent Refinement Workers: 4
 Periodic GC: Disabled
Heap:
 garbage-first heap   total 262144K, used 63402K [0x00000000e0000000, 0x0000000100000000)
  region size 1024K, 40 young (40960K), 15 survivors (15360K)
 Metaspace       used 48440K, committed 50368K, reserved 393216K
  class space    used 7268K, committed 8256K, reserved 327680K
GC Heap History (16 events):
Event: 22.092 GC heap before
{Heap before GC invocations=0 (full 0):
 garbage-first heap   total 262144K, used 12288K [0x00000000e0000000, 0x0000000100000000)
  region size 1024K, 13 young (13312K), 0 survivors (0K)
 Metaspace       used 1206K, committed 1408K, reserved 393216K
  class space    used 108K, committed 192K, reserved 327680K
}
Event: 28.008 GC heap after
{Heap after GC invocations=1 (full 0):
 garbage-first heap   total 262144K, used 2826K [0x00000000e0000000, 0x0000000100000000)
  region size 1024K, 2 young (2048K), 2 survivors (2048K)
 Metaspace       used 1206K, committed 1408K, reserved 393216K
  class space    used 108K, committed 192K, reserved 327680K
}
Event: 110.804 GC heap before
{Heap before GC invocations=1 (full 0):
 garbage-first heap   total 262144K, used 26378K [0x00000000e0000000, 0x0000000100000000)
  region size 1024K, 22 young (22528K), 2 survivors (2048K)
 Metaspace       used 4529K, committed 4736K, reserved 393216K
  class space    used 590K, committed 704K, reserved 327680K
}
Event: 110.820 GC heap after
{Heap after GC invocations=2 (full 0):
 garbage-first heap   total 262144K, used 11582K [0x00000000e0000000, 0x0000000100000000)
  region size 1024K, 3 young (3072K), 3 survivors (3072K)
 Metaspace       used 4529K, committed 4736K, reserved 393216K
  class space    used 590K, committed 704K, reserved 327680K
}
Event: 184.276 GC heap before
{Heap before GC invocations=2 (full 0):
 garbage-first heap   total 262144K, used 35134K [0x00000000e0000000, 0x0000000100000000)
  region size 1024K, 25 young (25600K), 3 survivors (3072K)
 Metaspace       used 4695K, committed 4864K, reserved 393216K
  class space    used 591K, committed 704K, reserved 327680K
}
Event: 184.300 GC heap after
{Heap after GC invocations=3 (full 0):
 garbage-first heap   total 262144K, used 16674K [0x00000000e0000000, 0x0000000100000000)
  region size 1024K, 4 young (4096K), 4 survivors (4096K)
 Metaspace       used 4695K, committed 4864K, reserved 393216K
  class space    used 591K, committed 704K, reserved 327680K
}
Event: 415.073 GC heap before
{Heap before GC invocations=3 (full 0):
 garbage-first heap   total 262144K, used 127266K [0x00000000e0000000, 0x0000000100000000)
  region size 1024K, 113 young (115712K), 4 survivors (4096K)
 Metaspace       used 20837K, committed 21504K, reserved 393216K
  class space    used 2958K, committed 3264K, reserved 327680K
}
Event: 415.105 GC heap after
{Heap after GC invocations=4 (full 0):
 garbage-first heap   total 262144K, used 24089K [0x00000000e0000000, 0x0000000100000000)
  region size 1024K, 11 young (11264K), 11 survivors (11264K)
 Metaspace       used 20837K, committed 21504K, reserved 393216K
  class space    used 2958K, committed 3264K, reserved 327680K
}
Event: 558.331 GC heap before
{Heap before GC invocations=5 (full 0):
 garbage-first heap   total 262144K, used 114201K [0x00000000e0000000, 0x0000000100000000)
  region size 1024K, 99 young (101376K), 11 survivors (11264K)
 Metaspace       used 31275K, committed 32576K, reserved 393216K
  class space    used 4686K, committed 5312K, reserved 327680K
}
Event: 558.384 GC heap after
{Heap after GC invocations=6 (full 0):
 garbage-first heap   total 262144K, used 29060K [0x00000000e0000000, 0x0000000100000000)
  region size 1024K, 5 young (5120K), 5 survivors (5120K)
 Metaspace       used 31275K, committed 32576K, reserved 393216K
  class space    used 4686K, committed 5312K, reserved 327680K
}
Event: 625.747 GC heap before
{Heap before GC invocations=6 (full 0):
 garbage-first heap   total 262144K, used 53636K [0x00000000e0000000, 0x0000000100000000)
  region size 1024K, 31 young (31744K), 5 survivors (5120K)
 Metaspace       used 34612K, committed 35968K, reserved 393216K
  class space    used 5100K, committed 5760K, reserved 327680K
}
Event: 625.767 GC heap after
{Heap after GC invocations=7 (full 0):
 garbage-first heap   total 262144K, used 31403K [0x00000000e0000000, 0x0000000100000000)
  region size 1024K, 7 young (7168K), 7 survivors (7168K)
 Metaspace       used 34612K, committed 35968K, reserved 393216K
  class space    used 5100K, committed 5760K, reserved 327680K
}
Event: 627.987 GC heap before
{Heap before GC invocations=7 (full 0):
 garbage-first heap   total 262144K, used 32427K [0x00000000e0000000, 0x0000000100000000)
  region size 1024K, 9 young (9216K), 7 survivors (7168K)
 Metaspace       used 34942K, committed 36288K, reserved 393216K
  class space    used 5118K, committed 5824K, reserved 327680K
}
Event: 628.004 GC heap after
{Heap after GC invocations=8 (full 0):
 garbage-first heap   total 262144K, used 31713K [0x00000000e0000000, 0x0000000100000000)
  region size 1024K, 7 young (7168K), 7 survivors (7168K)
 Metaspace       used 34942K, committed 36288K, reserved 393216K
  class space    used 5118K, committed 5824K, reserved 327680K
}
Event: 1127.116 GC heap before
{Heap before GC invocations=9 (full 0):
 garbage-first heap   total 262144K, used 181217K [0x00000000e0000000, 0x0000000100000000)
  region size 1024K, 153 young (156672K), 7 survivors (7168K)
 Metaspace       used 47301K, committed 49152K, reserved 393216K
  class space    used 7115K, committed 8000K, reserved 327680K
}
Event: 1127.215 GC heap after
{Heap after GC invocations=10 (full 0):
 garbage-first heap   total 262144K, used 39850K [0x00000000e0000000, 0x0000000100000000)
  region size 1024K, 15 young (15360K), 15 survivors (15360K)
 Metaspace       used 47301K, committed 49152K, reserved 393216K
  class space    used 7115K, committed 8000K, reserved 327680K
}

