# JRE version: OpenJDK Runtime Environment Temurin-21.0.12.1+1 (21.0.12.1+1) (build 21.0.12.1+1-LTS)
# Java VM: OpenJDK 64-Bit Server VM Temurin-21.0.12.1+1 (21.0.12.1+1-LTS, mixed mode, sharing, tiered, compressed class ptrs, parallel gc, windows-amd64)
GC Precious Log:
 CardTable entry size: 512
 CPUs: 4 total, 4 available
 Memory: 18369M
 Large Page Support: Disabled
 NUMA Support: Disabled
 Compressed Oops: Disabled
 Alignments: Space 512K, Generation 512K, Heap 2M
 Heap Min Capacity: 100M
 Heap Initial Capacity: 100M
 Heap Max Capacity: 32G
 Pre-touch: Disabled
 Parallel Workers: 4
Heap:
 PSYoungGen      total 9728K, used 7825K [0x0000027aecb80000, 0x0000027aedb80000, 0x0000027d97600000)
  eden space 3584K, 55% used [0x0000027aecb80000,0x0000027aecd71250,0x0000027aecf00000)
  from space 6144K, 94% used [0x0000027aecf00000,0x0000027aed4b32a8,0x0000027aed500000)
  to   space 6144K, 0% used [0x0000027aed580000,0x0000027aed580000,0x0000027aedb80000)
 ParOldGen       total 165376K, used 165304K [0x0000027597600000, 0x00000275a1780000, 0x0000027aecb80000)
  object space 165376K, 99% used [0x0000027597600000,0x00000275a176e118,0x00000275a1780000)
 Metaspace       used 84447K, committed 86144K, reserved 1179648K
  class space    used 9227K, committed 10048K, reserved 1048576K
GC Heap History (20 events):
Event: 2424.300 GC heap before
{Heap before GC invocations=715 (full 5):
 PSYoungGen      total 11264K, used 11249K [0x0000027aecb80000, 0x0000027aedf00000, 0x0000027d97600000)
  eden space 3584K, 100% used [0x0000027aecb80000,0x0000027aecf00000,0x0000027aecf00000)
  from space 7680K, 99% used [0x0000027aecf00000,0x0000027aed67c468,0x0000027aed680000)
  to   space 8192K, 0% used [0x0000027aed700000,0x0000027aed700000,0x0000027aedf00000)
 ParOldGen       total 158208K, used 157901K [0x0000027597600000, 0x00000275a1080000, 0x0000027aecb80000)
  object space 158208K, 99% used [0x0000027597600000,0x00000275a1033768,0x00000275a1080000)
 Metaspace       used 84436K, committed 86144K, reserved 1179648K
  class space    used 9227K, committed 10048K, reserved 1048576K
}
Event: 2424.306 GC heap after
{Heap after GC invocations=715 (full 5):
 PSYoungGen      total 10240K, used 8178K [0x0000027aecb80000, 0x0000027aee280000, 0x0000027d97600000)
  eden space 2048K, 0% used [0x0000027aecb80000,0x0000027aecb80000,0x0000027aecd80000)
  from space 8192K, 99% used [0x0000027aed700000,0x0000027aedefc998,0x0000027aedf00000)
  to   space 9728K, 0% used [0x0000027aecd80000,0x0000027aecd80000,0x0000027aed700000)
 ParOldGen       total 159232K, used 158736K [0x0000027597600000, 0x00000275a1180000, 0x0000027aecb80000)
  object space 159232K, 99% used [0x0000027597600000,0x00000275a11042b0,0x00000275a1180000)
 Metaspace       used 84436K, committed 86144K, reserved 1179648K
  class space    used 9227K, committed 10048K, reserved 1048576K
}
Event: 2424.341 GC heap before
{Heap before GC invocations=716 (full 5):
 PSYoungGen      total 10240K, used 10226K [0x0000027aecb80000, 0x0000027aee280000, 0x0000027d97600000)
  eden space 2048K, 100% used [0x0000027aecb80000,0x0000027aecd80000,0x0000027aecd80000)
  from space 8192K, 99% used [0x0000027aed700000,0x0000027aedefc998,0x0000027aedf00000)
  to   space 9728K, 0% used [0x0000027aecd80000,0x0000027aecd80000,0x0000027aed700000)
 ParOldGen       total 159232K, used 158736K [0x0000027597600000, 0x00000275a1180000, 0x0000027aecb80000)
  object space 159232K, 99% used [0x0000027597600000,0x00000275a11042b0,0x00000275a1180000)
 Metaspace       used 84436K, committed 86144K, reserved 1179648K
  class space    used 9227K, committed 10048K, reserved 1048576K
}
Event: 2424.347 GC heap after
{Heap after GC invocations=716 (full 5):
 PSYoungGen      total 7168K, used 5040K [0x0000027aecb80000, 0x0000027aedb00000, 0x0000027d97600000)
  eden space 2048K, 0% used [0x0000027aecb80000,0x0000027aecb80000,0x0000027aecd80000)
  from space 5120K, 98% used [0x0000027aecd80000,0x0000027aed26c358,0x0000027aed280000)
  to   space 6656K, 0% used [0x0000027aed480000,0x0000027aed480000,0x0000027aedb00000)
 ParOldGen       total 163328K, used 162959K [0x0000027597600000, 0x00000275a1580000, 0x0000027aecb80000)
  object space 163328K, 99% used [0x0000027597600000,0x00000275a1523ec8,0x00000275a1580000)
 Metaspace       used 84436K, committed 86144K, reserved 1179648K
  class space    used 9227K, committed 10048K, reserved 1048576K
}
Event: 2424.433 GC heap before
{Heap before GC invocations=717 (full 5):
 PSYoungGen      total 7168K, used 7088K [0x0000027aecb80000, 0x0000027aedb00000, 0x0000027d97600000)
  eden space 2048K, 100% used [0x0000027aecb80000,0x0000027aecd80000,0x0000027aecd80000)
  from space 5120K, 98% used [0x0000027aecd80000,0x0000027aed26c358,0x0000027aed280000)
  to   space 6656K, 0% used [0x0000027aed480000,0x0000027aed480000,0x0000027aedb00000)
 ParOldGen       total 163328K, used 162959K [0x0000027597600000, 0x00000275a1580000, 0x0000027aecb80000)
  object space 163328K, 99% used [0x0000027597600000,0x00000275a1523ec8,0x00000275a1580000)
 Metaspace       used 84436K, committed 86144K, reserved 1179648K
  class space    used 9227K, committed 10048K, reserved 1048576K
}
Event: 2424.440 GC heap after
{Heap after GC invocations=717 (full 5):
 PSYoungGen      total 9216K, used 5952K [0x0000027aecb80000, 0x0000027aedb00000, 0x0000027d97600000)
  eden space 2560K, 0% used [0x0000027aecb80000,0x0000027aecb80000,0x0000027aece00000)
  from space 6656K, 89% used [0x0000027aed480000,0x0000027aeda50320,0x0000027aedb00000)
  to   space 6656K, 0% used [0x0000027aece00000,0x0000027aece00000,0x0000027aed480000)
 ParOldGen       total 163328K, used 162959K [0x0000027597600000, 0x00000275a1580000, 0x0000027aecb80000)
  object space 163328K, 99% used [0x0000027597600000,0x00000275a1523ec8,0x00000275a1580000)
 Metaspace       used 84436K, committed 86144K, reserved 1179648K
  class space    used 9227K, committed 10048K, reserved 1048576K
}
Event: 2424.578 GC heap before
{Heap before GC invocations=718 (full 5):
 PSYoungGen      total 9216K, used 8512K [0x0000027aecb80000, 0x0000027aedb00000, 0x0000027d97600000)
  eden space 2560K, 100% used [0x0000027aecb80000,0x0000027aece00000,0x0000027aece00000)
  from space 6656K, 89% used [0x0000027aed480000,0x0000027aeda50320,0x0000027aedb00000)
  to   space 6656K, 0% used [0x0000027aece00000,0x0000027aece00000,0x0000027aed480000)
 ParOldGen       total 163328K, used 162959K [0x0000027597600000, 0x00000275a1580000, 0x0000027aecb80000)
  object space 163328K, 99% used [0x0000027597600000,0x00000275a1523ec8,0x00000275a1580000)
 Metaspace       used 84436K, committed 86144K, reserved 1179648K
  class space    used 9227K, committed 10048K, reserved 1048576K
}
Event: 2424.583 GC heap after
{Heap after GC invocations=718 (full 5):
 PSYoungGen      total 9216K, used 6542K [0x0000027aecb80000, 0x0000027aedc80000, 0x0000027d97600000)
  eden space 2560K, 0% used [0x0000027aecb80000,0x0000027aecb80000,0x0000027aece00000)
  from space 6656K, 98% used [0x0000027aece00000,0x0000027aed463b88,0x0000027aed480000)
  to   space 7168K, 0% used [0x0000027aed580000,0x0000027aed580000,0x0000027aedc80000)
 ParOldGen       total 163328K, used 162959K [0x0000027597600000, 0x00000275a1580000, 0x0000027aecb80000)
  object space 163328K, 99% used [0x0000027597600000,0x00000275a1523ec8,0x00000275a1580000)
 Metaspace       used 84436K, committed 86144K, reserved 1179648K
  class space    used 9227K, committed 10048K, reserved 1048576K
}
Event: 2424.664 GC heap before
{Heap before GC invocations=719 (full 5):
 PSYoungGen      total 9216K, used 9102K [0x0000027aecb80000, 0x0000027aedc80000, 0x0000027d97600000)
  eden space 2560K, 100% used [0x0000027aecb80000,0x0000027aece00000,0x0000027aece00000)
  from space 6656K, 98% used [0x0000027aece00000,0x0000027aed463b88,0x0000027aed480000)
  to   space 7168K, 0% used [0x0000027aed580000,0x0000027aed580000,0x0000027aedc80000)
 ParOldGen       total 163328K, used 162959K [0x0000027597600000, 0x00000275a1580000, 0x0000027aecb80000)
  object space 163328K, 99% used [0x0000027597600000,0x00000275a1523ec8,0x00000275a1580000)
 Metaspace       used 84436K, committed 86144K, reserved 1179648K
  class space    used 9227K, committed 10048K, reserved 1048576K
}
Event: 2424.672 GC heap after
{Heap after GC invocations=719 (full 5):
 PSYoungGen      total 9728K, used 7160K [0x0000027aecb80000, 0x0000027aedd80000, 0x0000027d97600000)
  eden space 2560K, 0% used [0x0000027aecb80000,0x0000027aecb80000,0x0000027aece00000)
  from space 7168K, 99% used [0x0000027aed580000,0x0000027aedc7e180,0x0000027aedc80000)
  to   space 7680K, 0% used [0x0000027aece00000,0x0000027aece00000,0x0000027aed580000)
 ParOldGen       total 163328K, used 163230K [0x0000027597600000, 0x00000275a1580000, 0x0000027aecb80000)
  object space 163328K, 99% used [0x0000027597600000,0x00000275a1567bf0,0x00000275a1580000)
 Metaspace       used 84436K, committed 86144K, reserved 1179648K
  class space    used 9227K, committed 10048K, reserved 1048576K
}
Event: 2424.682 GC heap before
{Heap before GC invocations=720 (full 5):
 PSYoungGen      total 9728K, used 9720K [0x0000027aecb80000, 0x0000027aedd80000, 0x0000027d97600000)
  eden space 2560K, 100% used [0x0000027aecb80000,0x0000027aece00000,0x0000027aece00000)
  from space 7168K, 99% used [0x0000027aed580000,0x0000027aedc7e180,0x0000027aedc80000)
  to   space 7680K, 0% used [0x0000027aece00000,0x0000027aece00000,0x0000027aed580000)
 ParOldGen       total 163328K, used 163230K [0x0000027597600000, 0x00000275a1580000, 0x0000027aecb80000)
  object space 163328K, 99% used [0x0000027597600000,0x00000275a1567bf0,0x00000275a1580000)
 Metaspace       used 84436K, committed 86144K, reserved 1179648K
  class space    used 9227K, committed 10048K, reserved 1048576K
}
Event: 2424.689 GC heap after
{Heap after GC invocations=720 (full 5):
 PSYoungGen      total 8192K, used 5420K [0x0000027aecb80000, 0x0000027aedb80000, 0x0000027d97600000)
  eden space 2560K, 0% used [0x0000027aecb80000,0x0000027aecb80000,0x0000027aece00000)
  from space 5632K, 96% used [0x0000027aece00000,0x0000027aed34b2a8,0x0000027aed380000)
  to   space 6656K, 0% used [0x0000027aed500000,0x0000027aed500000,0x0000027aedb80000)
 ParOldGen       total 164352K, used 164053K [0x0000027597600000, 0x00000275a1680000, 0x0000027aecb80000)
  object space 164352K, 99% used [0x0000027597600000,0x00000275a1635490,0x00000275a1680000)
 Metaspace       used 84436K, committed 86144K, reserved 1179648K
  class space    used 9227K, committed 10048K, reserved 1048576K
}
Event: 2424.701 GC heap before
{Heap before GC invocations=721 (full 5):
 PSYoungGen      total 8192K, used 7980K [0x0000027aecb80000, 0x0000027aedb80000, 0x0000027d97600000)
  eden space 2560K, 99% used [0x0000027aecb80000,0x0000027aecdffe88,0x0000027aece00000)
  from space 5632K, 96% used [0x0000027aece00000,0x0000027aed34b2a8,0x0000027aed380000)
  to   space 6656K, 0% used [0x0000027aed500000,0x0000027aed500000,0x0000027aedb80000)
 ParOldGen       total 164352K, used 164053K [0x0000027597600000, 0x00000275a1680000, 0x0000027aecb80000)
  object space 164352K, 99% used [0x0000027597600000,0x00000275a1635490,0x00000275a1680000)
 Metaspace       used 84436K, committed 86144K, reserved 1179648K
  class space    used 9227K, committed 10048K, reserved 1048576K
}
Event: 2424.707 GC heap after
{Heap after GC invocations=721 (full 5):
 PSYoungGen      total 8704K, used 5436K [0x0000027aecb80000, 0x0000027aeda80000, 0x0000027d97600000)
  eden space 3072K, 0% used [0x0000027aecb80000,0x0000027aecb80000,0x0000027aece80000)
  from space 5632K, 96% used [0x0000027aed500000,0x0000027aeda4f2b8,0x0000027aeda80000)
  to   space 5632K, 0% used [0x0000027aecf80000,0x0000027aecf80000,0x0000027aed500000)
 ParOldGen       total 164352K, used 164053K [0x0000027597600000, 0x00000275a1680000, 0x0000027aecb80000)
  object space 164352K, 99% used [0x0000027597600000,0x00000275a1635490,0x00000275a1680000)
 Metaspace       used 84436K, committed 86144K, reserved 1179648K
  class space    used 9227K, committed 10048K, reserved 1048576K
}
Event: 2424.763 GC heap before
{Heap before GC invocations=722 (full 5):
 PSYoungGen      total 8704K, used 8508K [0x0000027aecb80000, 0x0000027aeda80000, 0x0000027d97600000)
  eden space 3072K, 100% used [0x0000027aecb80000,0x0000027aece80000,0x0000027aece80000)
  from space 5632K, 96% used [0x0000027aed500000,0x0000027aeda4f2b8,0x0000027aeda80000)
  to   space 5632K, 0% used [0x0000027aecf80000,0x0000027aecf80000,0x0000027aed500000)
 ParOldGen       total 164352K, used 164053K [0x0000027597600000, 0x00000275a1680000, 0x0000027aecb80000)
  object space 164352K, 99% used [0x0000027597600000,0x00000275a1635490,0x00000275a1680000)
 Metaspace       used 84439K, committed 86144K, reserved 1179648K
  class space    used 9227K, committed 10048K, reserved 1048576K
}
Event: 2424.768 GC heap after
{Heap after GC invocations=722 (full 5):
 PSYoungGen      total 9216K, used 5356K [0x0000027aecb80000, 0x0000027aeda00000, 0x0000027d97600000)
  eden space 3584K, 0% used [0x0000027aecb80000,0x0000027aecb80000,0x0000027aecf00000)
  from space 5632K, 95% used [0x0000027aecf80000,0x0000027aed4bb2a8,0x0000027aed500000)
  to   space 5120K, 0% used [0x0000027aed500000,0x0000027aed500000,0x0000027aeda00000)
 ParOldGen       total 164864K, used 164464K [0x0000027597600000, 0x00000275a1700000, 0x0000027aecb80000)
  object space 164864K, 99% used [0x0000027597600000,0x00000275a169c108,0x00000275a1700000)
 Metaspace       used 84439K, committed 86144K, reserved 1179648K
  class space    used 9227K, committed 10048K, reserved 1048576K
}
Event: 2424.867 GC heap before
{Heap before GC invocations=723 (full 5):
 PSYoungGen      total 9216K, used 8940K [0x0000027aecb80000, 0x0000027aeda00000, 0x0000027d97600000)
  eden space 3584K, 100% used [0x0000027aecb80000,0x0000027aecf00000,0x0000027aecf00000)
  from space 5632K, 95% used [0x0000027aecf80000,0x0000027aed4bb2a8,0x0000027aed500000)
  to   space 5120K, 0% used [0x0000027aed500000,0x0000027aed500000,0x0000027aeda00000)
 ParOldGen       total 164864K, used 164464K [0x0000027597600000, 0x00000275a1700000, 0x0000027aecb80000)
  object space 164864K, 99% used [0x0000027597600000,0x00000275a169c108,0x00000275a1700000)
 Metaspace       used 84439K, committed 86144K, reserved 1179648K
  class space    used 9227K, committed 10048K, reserved 1048576K
}
Event: 2424.874 GC heap after
{Heap after GC invocations=723 (full 5):
 PSYoungGen      total 8704K, used 5116K [0x0000027aecb80000, 0x0000027aedb80000, 0x0000027d97600000)
  eden space 3584K, 0% used [0x0000027aecb80000,0x0000027aecb80000,0x0000027aecf00000)
  from space 5120K, 99% used [0x0000027aed500000,0x0000027aed9ff2b8,0x0000027aeda00000)
  to   space 6144K, 0% used [0x0000027aecf00000,0x0000027aecf00000,0x0000027aed500000)
 ParOldGen       total 165376K, used 165280K [0x0000027597600000, 0x00000275a1780000, 0x0000027aecb80000)
  object space 165376K, 99% used [0x0000027597600000,0x00000275a1768108,0x00000275a1780000)
 Metaspace       used 84439K, committed 86144K, reserved 1179648K
  class space    used 9227K, committed 10048K, reserved 1048576K
}
Event: 2425.034 GC heap before
{Heap before GC invocations=724 (full 5):
 PSYoungGen      total 8704K, used 8700K [0x0000027aecb80000, 0x0000027aedb80000, 0x0000027d97600000)
  eden space 3584K, 100% used [0x0000027aecb80000,0x0000027aecf00000,0x0000027aecf00000)
  from space 5120K, 99% used [0x0000027aed500000,0x0000027aed9ff2b8,0x0000027aeda00000)
  to   space 6144K, 0% used [0x0000027aecf00000,0x0000027aecf00000,0x0000027aed500000)
 ParOldGen       total 165376K, used 165280K [0x0000027597600000, 0x00000275a1780000, 0x0000027aecb80000)
  object space 165376K, 99% used [0x0000027597600000,0x00000275a1768108,0x00000275a1780000)
 Metaspace       used 84440K, committed 86144K, reserved 1179648K
  class space    used 9227K, committed 10048K, reserved 1048576K
}
Event: 2425.041 GC heap after
{Heap after GC invocations=724 (full 5):
 PSYoungGen      total 9728K, used 5836K [0x0000027aecb80000, 0x0000027aedb80000, 0x0000027d97600000)
  eden space 3584K, 0% used [0x0000027aecb80000,0x0000027aecb80000,0x0000027aecf00000)
  from space 6144K, 94% used [0x0000027aecf00000,0x0000027aed4b32a8,0x0000027aed500000)
  to   space 6144K, 0% used [0x0000027aed580000,0x0000027aed580000,0x0000027aedb80000)
 ParOldGen       total 165376K, used 165304K [0x0000027597600000, 0x00000275a1780000, 0x0000027aecb80000)
  object space 165376K, 99% used [0x0000027597600000,0x00000275a176e118,0x00000275a1780000)
 Metaspace       used 84440K, committed 86144K, reserved 1179648K
  class space    used 9227K, committed 10048K, reserved 1048576K
}

