# JRE version: OpenJDK Runtime Environment Temurin-21.0.12.1+1 (21.0.12.1+1) (build 21.0.12.1+1-LTS)
# Java VM: OpenJDK 64-Bit Server VM Temurin-21.0.12.1+1 (21.0.12.1+1-LTS, mixed mode, sharing, tiered, compressed oops, compressed class ptrs, g1 gc, windows-amd64)
GC Precious Log:
 CardTable entry size: 512
 Card Set container configuration: InlinePtr #cards 5 size 8 Array Of Cards #cards 12 size 40 Howl #buckets 4 coarsen threshold 1843 Howl Bitmap #cards 512 size 80 coarsen threshold 460 Card regions per heap region 1 cards per card region 2048
 CPUs: 4 total, 4 available
 Memory: 18369M
 Large Page Support: Disabled
 NUMA Support: Disabled
 Compressed Oops: Enabled (32-bit)
 Heap Region Size: 1M
 Heap Min Capacity: 256M
 Heap Initial Capacity: 256M
 Heap Max Capacity: 512M
 Pre-touch: Disabled
 Parallel Workers: 4
 Concurrent Workers: 1
 Concurrent Refinement Workers: 4
 Periodic GC: Disabled
Heap:
 garbage-first heap   total 262144K, used 65208K [0x00000000e0000000, 0x0000000100000000)
  region size 1024K, 37 young (37888K), 15 survivors (15360K)
 Metaspace       used 55356K, committed 57536K, reserved 393216K
  class space    used 8285K, committed 9344K, reserved 327680K
GC Heap History (20 events):
Event: 4.818 GC heap before
{Heap before GC invocations=0 (full 0):
 garbage-first heap   total 262144K, used 13312K [0x00000000e0000000, 0x0000000100000000)
  region size 1024K, 13 young (13312K), 0 survivors (0K)
 Metaspace       used 1182K, committed 1344K, reserved 393216K
  class space    used 105K, committed 192K, reserved 327680K
}
Event: 5.248 GC heap after
{Heap after GC invocations=1 (full 0):
 garbage-first heap   total 262144K, used 2953K [0x00000000e0000000, 0x0000000100000000)
  region size 1024K, 2 young (2048K), 2 survivors (2048K)
 Metaspace       used 1182K, committed 1344K, reserved 393216K
  class space    used 105K, committed 192K, reserved 327680K
}
Event: 33.494 GC heap before
{Heap before GC invocations=1 (full 0):
 garbage-first heap   total 262144K, used 23433K [0x00000000e0000000, 0x0000000100000000)
  region size 1024K, 19 young (19456K), 2 survivors (2048K)
 Metaspace       used 4532K, committed 4736K, reserved 393216K
  class space    used 589K, committed 704K, reserved 327680K
}
Event: 33.499 GC heap after
{Heap after GC invocations=2 (full 0):
 garbage-first heap   total 262144K, used 11551K [0x00000000e0000000, 0x0000000100000000)
  region size 1024K, 3 young (3072K), 3 survivors (3072K)
 Metaspace       used 4532K, committed 4736K, reserved 393216K
  class space    used 589K, committed 704K, reserved 327680K
}
Event: 44.824 GC heap before
{Heap before GC invocations=2 (full 0):
 garbage-first heap   total 262144K, used 34079K [0x00000000e0000000, 0x0000000100000000)
  region size 1024K, 24 young (24576K), 3 survivors (3072K)
 Metaspace       used 4684K, committed 4864K, reserved 393216K
  class space    used 591K, committed 704K, reserved 327680K
}
Event: 44.828 GC heap after
{Heap after GC invocations=3 (full 0):
 garbage-first heap   total 262144K, used 15287K [0x00000000e0000000, 0x0000000100000000)
  region size 1024K, 3 young (3072K), 3 survivors (3072K)
 Metaspace       used 4684K, committed 4864K, reserved 393216K
  class space    used 591K, committed 704K, reserved 327680K
}
Event: 111.214 GC heap before
{Heap before GC invocations=3 (full 0):
 garbage-first heap   total 262144K, used 104375K [0x00000000e0000000, 0x0000000100000000)
  region size 1024K, 91 young (93184K), 3 survivors (3072K)
 Metaspace       used 18314K, committed 18880K, reserved 393216K
  class space    used 2547K, committed 2816K, reserved 327680K
}
Event: 111.228 GC heap after
{Heap after GC invocations=4 (full 0):
 garbage-first heap   total 262144K, used 22889K [0x00000000e0000000, 0x0000000100000000)
  region size 1024K, 10 young (10240K), 10 survivors (10240K)
 Metaspace       used 18314K, committed 18880K, reserved 393216K
  class space    used 2547K, committed 2816K, reserved 327680K
}
Event: 122.276 GC heap before
{Heap before GC invocations=4 (full 0):
 garbage-first heap   total 262144K, used 42345K [0x00000000e0000000, 0x0000000100000000)
  region size 1024K, 30 young (30720K), 10 survivors (10240K)
 Metaspace       used 20826K, committed 21504K, reserved 393216K
  class space    used 2972K, committed 3328K, reserved 327680K
}
Event: 122.291 GC heap after
{Heap after GC invocations=5 (full 0):
 garbage-first heap   total 262144K, used 25063K [0x00000000e0000000, 0x0000000100000000)
  region size 1024K, 2 young (2048K), 2 survivors (2048K)
 Metaspace       used 20826K, committed 21504K, reserved 393216K
  class space    used 2972K, committed 3328K, reserved 327680K
}
Event: 240.340 GC heap before
{Heap before GC invocations=6 (full 0):
 garbage-first heap   total 262144K, used 128487K [0x00000000e0000000, 0x0000000100000000)
  region size 1024K, 102 young (104448K), 2 survivors (2048K)
 Metaspace       used 34170K, committed 35456K, reserved 393216K
  class space    used 4914K, committed 5568K, reserved 327680K
}
Event: 240.360 GC heap after
{Heap after GC invocations=7 (full 0):
 garbage-first heap   total 262144K, used 29992K [0x00000000e0000000, 0x0000000100000000)
  region size 1024K, 7 young (7168K), 7 survivors (7168K)
 Metaspace       used 34170K, committed 35456K, reserved 393216K
  class space    used 4914K, committed 5568K, reserved 327680K
}
Event: 246.287 GC heap before
{Heap before GC invocations=7 (full 0):
 garbage-first heap   total 262144K, used 32040K [0x00000000e0000000, 0x0000000100000000)
  region size 1024K, 11 young (11264K), 7 survivors (7168K)
 Metaspace       used 34664K, committed 35968K, reserved 393216K
  class space    used 4961K, committed 5632K, reserved 327680K
}
Event: 246.298 GC heap after
{Heap after GC invocations=8 (full 0):
 garbage-first heap   total 262144K, used 30630K [0x00000000e0000000, 0x0000000100000000)
  region size 1024K, 8 young (8192K), 8 survivors (8192K)
 Metaspace       used 34664K, committed 35968K, reserved 393216K
  class space    used 4961K, committed 5632K, reserved 327680K
}
Event: 249.446 GC heap before
{Heap before GC invocations=8 (full 0):
 garbage-first heap   total 262144K, used 32678K [0x00000000e0000000, 0x0000000100000000)
  region size 1024K, 11 young (11264K), 8 survivors (8192K)
 Metaspace       used 34955K, committed 36288K, reserved 393216K
  class space    used 4989K, committed 5696K, reserved 327680K
}
Event: 249.456 GC heap after
{Heap after GC invocations=9 (full 0):
 garbage-first heap   total 262144K, used 30760K [0x00000000e0000000, 0x0000000100000000)
  region size 1024K, 8 young (8192K), 8 survivors (8192K)
 Metaspace       used 34955K, committed 36288K, reserved 393216K
  class space    used 4989K, committed 5696K, reserved 327680K
}
Event: 803.804 GC heap before
{Heap before GC invocations=10 (full 0):
 garbage-first heap   total 262144K, used 179240K [0x00000000e0000000, 0x0000000100000000)
  region size 1024K, 153 young (156672K), 8 survivors (8192K)
 Metaspace       used 47105K, committed 48960K, reserved 393216K
  class space    used 6968K, committed 7872K, reserved 327680K
}
Event: 804.020 GC heap after
{Heap after GC invocations=11 (full 0):
 garbage-first heap   total 262144K, used 36605K [0x00000000e0000000, 0x0000000100000000)
  region size 1024K, 14 young (14336K), 14 survivors (14336K)
 Metaspace       used 47105K, committed 48960K, reserved 393216K
  class space    used 6968K, committed 7872K, reserved 327680K
}
Event: 1056.145 GC heap before
{Heap before GC invocations=11 (full 0):
 garbage-first heap   total 262144K, used 155389K [0x00000000e0000000, 0x0000000100000000)
  region size 1024K, 131 young (134144K), 14 survivors (14336K)
 Metaspace       used 53884K, committed 56000K, reserved 393216K
  class space    used 8056K, committed 9088K, reserved 327680K
}
Event: 1056.225 GC heap after
{Heap after GC invocations=12 (full 0):
 garbage-first heap   total 262144K, used 43704K [0x00000000e0000000, 0x0000000100000000)
  region size 1024K, 15 young (15360K), 15 survivors (15360K)
 Metaspace       used 53884K, committed 56000K, reserved 393216K
  class space    used 8056K, committed 9088K, reserved 327680K
}

